01-12-2021 12:51:54:Main2:DPMPrinter started ------------------------------------------------- C:\TeklaStructures\2020.0\nt\bin\applications\Tekla\Model\DPMPrinter\DPMPrinterCommand.exe
01-12-2021 12:51:54:Main2:Args: printer:pdf, paper:A4, scalingMethod:Auto, orientation:Landscape, copies:1, colormode:BlackAndWhite, out:D:\Vijayakumar\01_Tekla_API\SK-001-Package\01-Input\01-Rajesh\1799\11-71-76-1799_IFF_241121\03.TEKLA MODEL\11-71-76-1799_PS GAS LIFT WELL\01-12-2021125124\02.PDF\[2]_02.pdf, openFileWhenFinished:false, multiSheet:false, printActive:true
01-12-2021 12:51:54:Main2:DllDirectory = 'C:\TeklaStructures\2020.0\\nt\bin\'
01-12-2021 12:51:54:Main2:Path = 'C:\windows\system32;C:\windows;C:\windows\System32\Wbem;C:\windows\System32\WindowsPowerShell\v1.0\;C:\windows\System32\OpenSSH\;C:\Program Files (x86)\NVIDIA Corporation\PhysX\Common;C:\Program Files\NVIDIA Corporation\NVIDIA NvDLISR;C:\Program Files\dotnet\;C:\Program Files\Microsoft SQL Server\130\Tools\Binn\;C:\Program Files\Microsoft SQL Server\Client SDK\ODBC\170\Tools\Binn\;C:\Users\Vijayakumar\AppData\Local\Microsoft\WindowsApps;C:\Users\Vijayakumar\.dotnet\tools'
01-12-2021 12:51:54:Main2:Is64BitOS = True
01-12-2021 12:51:54:Main2:Is64BitProcess = True
01-12-2021 12:51:54:MoveNext:Loading data from: C:\TeklaStructures\2020.0\\environments\common\system\PaperSizesForDrawings.dat
01-12-2021 12:51:54:MoveNext:Loading data from: C:\TeklaStructures\2020.0\\environments\common\system\DrawingSizes.dat
01-12-2021 12:51:54:MoveNext:Loading data from: C:\TeklaStructures\2020.0\\environments\common\system\PaperSizesForDrawings.dat
01-12-2021 12:51:54:Main2:DPMPrinter ended -------------------------------------------------
01-12-2021 12:51:55:Main2:DPMPrinter started ------------------------------------------------- C:\TeklaStructures\2020.0\nt\bin\applications\Tekla\Model\DPMPrinter\DPMPrinterCommand.exe
01-12-2021 12:51:55:Main2:Args: printer:pdf, paper:A4, scalingMethod:Auto, orientation:Landscape, copies:1, colormode:BlackAndWhite, out:D:\Vijayakumar\01_Tekla_API\SK-001-Package\01-Input\01-Rajesh\1799\11-71-76-1799_IFF_241121\03.TEKLA MODEL\11-71-76-1799_PS GAS LIFT WELL\01-12-2021125124\02.PDF\[1]_01.pdf, openFileWhenFinished:false, multiSheet:false, printActive:true
01-12-2021 12:51:55:Main2:DllDirectory = 'C:\TeklaStructures\2020.0\\nt\bin\'
01-12-2021 12:51:55:Main2:Path = 'C:\windows\system32;C:\windows;C:\windows\System32\Wbem;C:\windows\System32\WindowsPowerShell\v1.0\;C:\windows\System32\OpenSSH\;C:\Program Files (x86)\NVIDIA Corporation\PhysX\Common;C:\Program Files\NVIDIA Corporation\NVIDIA NvDLISR;C:\Program Files\dotnet\;C:\Program Files\Microsoft SQL Server\130\Tools\Binn\;C:\Program Files\Microsoft SQL Server\Client SDK\ODBC\170\Tools\Binn\;C:\Users\Vijayakumar\AppData\Local\Microsoft\WindowsApps;C:\Users\Vijayakumar\.dotnet\tools'
01-12-2021 12:51:55:Main2:Is64BitOS = True
01-12-2021 12:51:55:Main2:Is64BitProcess = True
01-12-2021 12:51:55:MoveNext:Loading data from: C:\TeklaStructures\2020.0\\environments\common\system\PaperSizesForDrawings.dat
01-12-2021 12:51:55:MoveNext:Loading data from: C:\TeklaStructures\2020.0\\environments\common\system\DrawingSizes.dat
01-12-2021 12:51:55:MoveNext:Loading data from: C:\TeklaStructures\2020.0\\environments\common\system\PaperSizesForDrawings.dat
01-12-2021 12:51:56:Main2:DPMPrinter ended -------------------------------------------------
01-12-2021 12:52:41:Main2:DPMPrinter started ------------------------------------------------- C:\TeklaStructures\2020.0\nt\bin\applications\Tekla\Model\DPMPrinter\DPMPrinterCommand.exe
01-12-2021 12:52:41:Main2:Args: printer:pdf, paper:A4, scalingMethod:Auto, orientation:Landscape, copies:1, colormode:BlackAndWhite, out:D:\Vijayakumar\01_Tekla_API\SK-001-Package\01-Input\01-Rajesh\1799\11-71-76-1799_IFF_241121\03.TEKLA MODEL\11-71-76-1799_PS GAS LIFT WELL\01-12-2021125227\02.PDF\[2]_02.pdf, openFileWhenFinished:false, multiSheet:false, printActive:true
01-12-2021 12:52:41:Main2:DllDirectory = 'C:\TeklaStructures\2020.0\\nt\bin\'
01-12-2021 12:52:41:Main2:Path = 'C:\windows\system32;C:\windows;C:\windows\System32\Wbem;C:\windows\System32\WindowsPowerShell\v1.0\;C:\windows\System32\OpenSSH\;C:\Program Files (x86)\NVIDIA Corporation\PhysX\Common;C:\Program Files\NVIDIA Corporation\NVIDIA NvDLISR;C:\Program Files\dotnet\;C:\Program Files\Microsoft SQL Server\130\Tools\Binn\;C:\Program Files\Microsoft SQL Server\Client SDK\ODBC\170\Tools\Binn\;C:\Users\Vijayakumar\AppData\Local\Microsoft\WindowsApps;C:\Users\Vijayakumar\.dotnet\tools'
01-12-2021 12:52:41:Main2:Is64BitOS = True
01-12-2021 12:52:41:Main2:Is64BitProcess = True
01-12-2021 12:52:41:MoveNext:Loading data from: C:\TeklaStructures\2020.0\\environments\common\system\PaperSizesForDrawings.dat
01-12-2021 12:52:41:MoveNext:Loading data from: C:\TeklaStructures\2020.0\\environments\common\system\DrawingSizes.dat
01-12-2021 12:52:41:MoveNext:Loading data from: C:\TeklaStructures\2020.0\\environments\common\system\PaperSizesForDrawings.dat
01-12-2021 12:52:41:Main2:DPMPrinter ended -------------------------------------------------
01-12-2021 12:52:42:Main2:DPMPrinter started ------------------------------------------------- C:\TeklaStructures\2020.0\nt\bin\applications\Tekla\Model\DPMPrinter\DPMPrinterCommand.exe
01-12-2021 12:52:42:Main2:Args: printer:pdf, paper:A4, scalingMethod:Auto, orientation:Landscape, copies:1, colormode:BlackAndWhite, out:D:\Vijayakumar\01_Tekla_API\SK-001-Package\01-Input\01-Rajesh\1799\11-71-76-1799_IFF_241121\03.TEKLA MODEL\11-71-76-1799_PS GAS LIFT WELL\01-12-2021125227\02.PDF\[1]_01.pdf, openFileWhenFinished:false, multiSheet:false, printActive:true
01-12-2021 12:52:42:Main2:DllDirectory = 'C:\TeklaStructures\2020.0\\nt\bin\'
01-12-2021 12:52:42:Main2:Path = 'C:\windows\system32;C:\windows;C:\windows\System32\Wbem;C:\windows\System32\WindowsPowerShell\v1.0\;C:\windows\System32\OpenSSH\;C:\Program Files (x86)\NVIDIA Corporation\PhysX\Common;C:\Program Files\NVIDIA Corporation\NVIDIA NvDLISR;C:\Program Files\dotnet\;C:\Program Files\Microsoft SQL Server\130\Tools\Binn\;C:\Program Files\Microsoft SQL Server\Client SDK\ODBC\170\Tools\Binn\;C:\Users\Vijayakumar\AppData\Local\Microsoft\WindowsApps;C:\Users\Vijayakumar\.dotnet\tools'
01-12-2021 12:52:42:Main2:Is64BitOS = True
01-12-2021 12:52:42:Main2:Is64BitProcess = True
01-12-2021 12:52:42:MoveNext:Loading data from: C:\TeklaStructures\2020.0\\environments\common\system\PaperSizesForDrawings.dat
01-12-2021 12:52:42:MoveNext:Loading data from: C:\TeklaStructures\2020.0\\environments\common\system\DrawingSizes.dat
01-12-2021 12:52:42:MoveNext:Loading data from: C:\TeklaStructures\2020.0\\environments\common\system\PaperSizesForDrawings.dat
01-12-2021 12:52:43:Main2:DPMPrinter ended -------------------------------------------------
01-12-2021 12:55:33:Main2:DPMPrinter started ------------------------------------------------- C:\TeklaStructures\2020.0\nt\bin\applications\Tekla\Model\DPMPrinter\DPMPrinterCommand.exe
01-12-2021 12:55:33:Main2:Args: printer:pdf, paper:A4, scalingMethod:Auto, orientation:Landscape, copies:1, colormode:BlackAndWhite, out:D:\Vijayakumar\01_Tekla_API\SK-001-Package\01-Input\01-Rajesh\1799\11-71-76-1799_IFF_241121\03.TEKLA MODEL\11-71-76-1799_PS GAS LIFT WELL\01-12-2021125521\02.PDF\[2]_02.pdf, openFileWhenFinished:false, multiSheet:false, printActive:true
01-12-2021 12:55:33:Main2:DllDirectory = 'C:\TeklaStructures\2020.0\\nt\bin\'
01-12-2021 12:55:33:Main2:Path = 'C:\windows\system32;C:\windows;C:\windows\System32\Wbem;C:\windows\System32\WindowsPowerShell\v1.0\;C:\windows\System32\OpenSSH\;C:\Program Files (x86)\NVIDIA Corporation\PhysX\Common;C:\Program Files\NVIDIA Corporation\NVIDIA NvDLISR;C:\Program Files\dotnet\;C:\Program Files\Microsoft SQL Server\130\Tools\Binn\;C:\Program Files\Microsoft SQL Server\Client SDK\ODBC\170\Tools\Binn\;C:\Users\Vijayakumar\AppData\Local\Microsoft\WindowsApps;C:\Users\Vijayakumar\.dotnet\tools'
01-12-2021 12:55:33:Main2:Is64BitOS = True
01-12-2021 12:55:33:Main2:Is64BitProcess = True
01-12-2021 12:55:33:MoveNext:Loading data from: C:\TeklaStructures\2020.0\\environments\common\system\PaperSizesForDrawings.dat
01-12-2021 12:55:33:MoveNext:Loading data from: C:\TeklaStructures\2020.0\\environments\common\system\DrawingSizes.dat
01-12-2021 12:55:33:MoveNext:Loading data from: C:\TeklaStructures\2020.0\\environments\common\system\PaperSizesForDrawings.dat
01-12-2021 12:55:33:Main2:DPMPrinter ended -------------------------------------------------
01-12-2021 12:55:34:Main2:DPMPrinter started ------------------------------------------------- C:\TeklaStructures\2020.0\nt\bin\applications\Tekla\Model\DPMPrinter\DPMPrinterCommand.exe
01-12-2021 12:55:34:Main2:Args: printer:pdf, paper:A4, scalingMethod:Auto, orientation:Landscape, copies:1, colormode:BlackAndWhite, out:D:\Vijayakumar\01_Tekla_API\SK-001-Package\01-Input\01-Rajesh\1799\11-71-76-1799_IFF_241121\03.TEKLA MODEL\11-71-76-1799_PS GAS LIFT WELL\01-12-2021125521\02.PDF\[1]_01.pdf, openFileWhenFinished:false, multiSheet:false, printActive:true
01-12-2021 12:55:34:Main2:DllDirectory = 'C:\TeklaStructures\2020.0\\nt\bin\'
01-12-2021 12:55:34:Main2:Path = 'C:\windows\system32;C:\windows;C:\windows\System32\Wbem;C:\windows\System32\WindowsPowerShell\v1.0\;C:\windows\System32\OpenSSH\;C:\Program Files (x86)\NVIDIA Corporation\PhysX\Common;C:\Program Files\NVIDIA Corporation\NVIDIA NvDLISR;C:\Program Files\dotnet\;C:\Program Files\Microsoft SQL Server\130\Tools\Binn\;C:\Program Files\Microsoft SQL Server\Client SDK\ODBC\170\Tools\Binn\;C:\Users\Vijayakumar\AppData\Local\Microsoft\WindowsApps;C:\Users\Vijayakumar\.dotnet\tools'
01-12-2021 12:55:34:Main2:Is64BitOS = True
01-12-2021 12:55:34:Main2:Is64BitProcess = True
01-12-2021 12:55:34:MoveNext:Loading data from: C:\TeklaStructures\2020.0\\environments\common\system\PaperSizesForDrawings.dat
01-12-2021 12:55:34:MoveNext:Loading data from: C:\TeklaStructures\2020.0\\environments\common\system\DrawingSizes.dat
01-12-2021 12:55:34:MoveNext:Loading data from: C:\TeklaStructures\2020.0\\environments\common\system\PaperSizesForDrawings.dat
01-12-2021 12:55:35:Main2:DPMPrinter ended -------------------------------------------------
01-12-2021 12:55:58:Main2:DPMPrinter started ------------------------------------------------- C:\TeklaStructures\2020.0\nt\bin\applications\Tekla\Model\DPMPrinter\DPMPrinterCommand.exe
01-12-2021 12:55:58:Main2:Args: printer:pdf, paper:A4, scalingMethod:Auto, orientation:Landscape, copies:1, colormode:BlackAndWhite, out:D:\Vijayakumar\01_Tekla_API\SK-001-Package\01-Input\01-Rajesh\1799\11-71-76-1799_IFF_241121\03.TEKLA MODEL\11-71-76-1799_PS GAS LIFT WELL\01-12-2021125521\02.PDF\[2]_02.pdf, openFileWhenFinished:false, multiSheet:false, printActive:true
01-12-2021 12:55:58:Main2:DllDirectory = 'C:\TeklaStructures\2020.0\\nt\bin\'
01-12-2021 12:55:58:Main2:Path = 'C:\windows\system32;C:\windows;C:\windows\System32\Wbem;C:\windows\System32\WindowsPowerShell\v1.0\;C:\windows\System32\OpenSSH\;C:\Program Files (x86)\NVIDIA Corporation\PhysX\Common;C:\Program Files\NVIDIA Corporation\NVIDIA NvDLISR;C:\Program Files\dotnet\;C:\Program Files\Microsoft SQL Server\130\Tools\Binn\;C:\Program Files\Microsoft SQL Server\Client SDK\ODBC\170\Tools\Binn\;C:\Users\Vijayakumar\AppData\Local\Microsoft\WindowsApps;C:\Users\Vijayakumar\.dotnet\tools'
01-12-2021 12:55:58:Main2:Is64BitOS = True
01-12-2021 12:55:58:Main2:Is64BitProcess = True
01-12-2021 12:55:59:MoveNext:Loading data from: C:\TeklaStructures\2020.0\\environments\common\system\PaperSizesForDrawings.dat
01-12-2021 12:55:59:MoveNext:Loading data from: C:\TeklaStructures\2020.0\\environments\common\system\DrawingSizes.dat
01-12-2021 12:55:59:MoveNext:Loading data from: C:\TeklaStructures\2020.0\\environments\common\system\PaperSizesForDrawings.dat
01-12-2021 12:55:59:Main2:DPMPrinter ended -------------------------------------------------
01-12-2021 12:56:00:Main2:DPMPrinter started ------------------------------------------------- C:\TeklaStructures\2020.0\nt\bin\applications\Tekla\Model\DPMPrinter\DPMPrinterCommand.exe
01-12-2021 12:56:00:Main2:Args: printer:pdf, paper:A4, scalingMethod:Auto, orientation:Landscape, copies:1, colormode:BlackAndWhite, out:D:\Vijayakumar\01_Tekla_API\SK-001-Package\01-Input\01-Rajesh\1799\11-71-76-1799_IFF_241121\03.TEKLA MODEL\11-71-76-1799_PS GAS LIFT WELL\01-12-2021125521\02.PDF\[1]_01.pdf, openFileWhenFinished:false, multiSheet:false, printActive:true
01-12-2021 12:56:00:Main2:DllDirectory = 'C:\TeklaStructures\2020.0\\nt\bin\'
01-12-2021 12:56:00:Main2:Path = 'C:\windows\system32;C:\windows;C:\windows\System32\Wbem;C:\windows\System32\WindowsPowerShell\v1.0\;C:\windows\System32\OpenSSH\;C:\Program Files (x86)\NVIDIA Corporation\PhysX\Common;C:\Program Files\NVIDIA Corporation\NVIDIA NvDLISR;C:\Program Files\dotnet\;C:\Program Files\Microsoft SQL Server\130\Tools\Binn\;C:\Program Files\Microsoft SQL Server\Client SDK\ODBC\170\Tools\Binn\;C:\Users\Vijayakumar\AppData\Local\Microsoft\WindowsApps;C:\Users\Vijayakumar\.dotnet\tools'
01-12-2021 12:56:00:Main2:Is64BitOS = True
01-12-2021 12:56:00:Main2:Is64BitProcess = True
01-12-2021 12:56:00:MoveNext:Loading data from: C:\TeklaStructures\2020.0\\environments\common\system\PaperSizesForDrawings.dat
01-12-2021 12:56:00:MoveNext:Loading data from: C:\TeklaStructures\2020.0\\environments\common\system\DrawingSizes.dat
01-12-2021 12:56:00:MoveNext:Loading data from: C:\TeklaStructures\2020.0\\environments\common\system\PaperSizesForDrawings.dat
01-12-2021 12:56:00:Main2:DPMPrinter ended -------------------------------------------------
01-12-2021 12:56:45:Main2:DPMPrinter started ------------------------------------------------- C:\TeklaStructures\2020.0\nt\bin\applications\Tekla\Model\DPMPrinter\DPMPrinterCommand.exe
01-12-2021 12:56:45:Main2:Args: printer:pdf, paper:A4, scalingMethod:Auto, orientation:Landscape, copies:1, colormode:BlackAndWhite, out:D:\Vijayakumar\01_Tekla_API\SK-001-Package\01-Input\01-Rajesh\1799\11-71-76-1799_IFF_241121\03.TEKLA MODEL\11-71-76-1799_PS GAS LIFT WELL\01-12-2021125521\02.PDF\[2]_02.pdf, openFileWhenFinished:false, multiSheet:false, printActive:true
01-12-2021 12:56:45:Main2:DllDirectory = 'C:\TeklaStructures\2020.0\\nt\bin\'
01-12-2021 12:56:45:Main2:Path = 'C:\windows\system32;C:\windows;C:\windows\System32\Wbem;C:\windows\System32\WindowsPowerShell\v1.0\;C:\windows\System32\OpenSSH\;C:\Program Files (x86)\NVIDIA Corporation\PhysX\Common;C:\Program Files\NVIDIA Corporation\NVIDIA NvDLISR;C:\Program Files\dotnet\;C:\Program Files\Microsoft SQL Server\130\Tools\Binn\;C:\Program Files\Microsoft SQL Server\Client SDK\ODBC\170\Tools\Binn\;C:\Users\Vijayakumar\AppData\Local\Microsoft\WindowsApps;C:\Users\Vijayakumar\.dotnet\tools'
01-12-2021 12:56:45:Main2:Is64BitOS = True
01-12-2021 12:56:45:Main2:Is64BitProcess = True
01-12-2021 12:56:45:MoveNext:Loading data from: C:\TeklaStructures\2020.0\\environments\common\system\PaperSizesForDrawings.dat
01-12-2021 12:56:45:MoveNext:Loading data from: C:\TeklaStructures\2020.0\\environments\common\system\DrawingSizes.dat
01-12-2021 12:56:45:MoveNext:Loading data from: C:\TeklaStructures\2020.0\\environments\common\system\PaperSizesForDrawings.dat
01-12-2021 12:56:46:Main2:DPMPrinter ended -------------------------------------------------
01-12-2021 12:56:47:Main2:DPMPrinter started ------------------------------------------------- C:\TeklaStructures\2020.0\nt\bin\applications\Tekla\Model\DPMPrinter\DPMPrinterCommand.exe
01-12-2021 12:56:47:Main2:Args: printer:pdf, paper:A4, scalingMethod:Auto, orientation:Landscape, copies:1, colormode:BlackAndWhite, out:D:\Vijayakumar\01_Tekla_API\SK-001-Package\01-Input\01-Rajesh\1799\11-71-76-1799_IFF_241121\03.TEKLA MODEL\11-71-76-1799_PS GAS LIFT WELL\01-12-2021125521\02.PDF\[1]_01.pdf, openFileWhenFinished:false, multiSheet:false, printActive:true
01-12-2021 12:56:47:Main2:DllDirectory = 'C:\TeklaStructures\2020.0\\nt\bin\'
01-12-2021 12:56:47:Main2:Path = 'C:\windows\system32;C:\windows;C:\windows\System32\Wbem;C:\windows\System32\WindowsPowerShell\v1.0\;C:\windows\System32\OpenSSH\;C:\Program Files (x86)\NVIDIA Corporation\PhysX\Common;C:\Program Files\NVIDIA Corporation\NVIDIA NvDLISR;C:\Program Files\dotnet\;C:\Program Files\Microsoft SQL Server\130\Tools\Binn\;C:\Program Files\Microsoft SQL Server\Client SDK\ODBC\170\Tools\Binn\;C:\Users\Vijayakumar\AppData\Local\Microsoft\WindowsApps;C:\Users\Vijayakumar\.dotnet\tools'
01-12-2021 12:56:47:Main2:Is64BitOS = True
01-12-2021 12:56:47:Main2:Is64BitProcess = True
01-12-2021 12:56:47:MoveNext:Loading data from: C:\TeklaStructures\2020.0\\environments\common\system\PaperSizesForDrawings.dat
01-12-2021 12:56:47:MoveNext:Loading data from: C:\TeklaStructures\2020.0\\environments\common\system\DrawingSizes.dat
01-12-2021 12:56:47:MoveNext:Loading data from: C:\TeklaStructures\2020.0\\environments\common\system\PaperSizesForDrawings.dat
01-12-2021 12:56:47:Main2:DPMPrinter ended -------------------------------------------------
01-12-2021 13:19:47:Main2:DPMPrinter started ------------------------------------------------- C:\TeklaStructures\2020.0\nt\bin\applications\Tekla\Model\DPMPrinter\DPMPrinterCommand.exe
01-12-2021 13:19:47:Main2:Args: printer:pdf, paper:A4, scalingMethod:Auto, orientation:Landscape, copies:1, colormode:BlackAndWhite, out:D:\Vijayakumar\01_Tekla_API\SK-001-Package\01-Input\01-Rajesh\1799\11-71-76-1799_IFF_241121\03.TEKLA MODEL\11-71-76-1799_PS GAS LIFT WELL\01-12-2021131818\02.PDF\[2]_02.pdf, openFileWhenFinished:false, multiSheet:false, printActive:true
01-12-2021 13:19:47:Main2:DllDirectory = 'C:\TeklaStructures\2020.0\\nt\bin\'
01-12-2021 13:19:47:Main2:Path = 'C:\windows\system32;C:\windows;C:\windows\System32\Wbem;C:\windows\System32\WindowsPowerShell\v1.0\;C:\windows\System32\OpenSSH\;C:\Program Files (x86)\NVIDIA Corporation\PhysX\Common;C:\Program Files\NVIDIA Corporation\NVIDIA NvDLISR;C:\Program Files\dotnet\;C:\Program Files\Microsoft SQL Server\130\Tools\Binn\;C:\Program Files\Microsoft SQL Server\Client SDK\ODBC\170\Tools\Binn\;C:\Users\Vijayakumar\AppData\Local\Microsoft\WindowsApps;C:\Users\Vijayakumar\.dotnet\tools'
01-12-2021 13:19:47:Main2:Is64BitOS = True
01-12-2021 13:19:47:Main2:Is64BitProcess = True
01-12-2021 13:19:47:MoveNext:Loading data from: C:\TeklaStructures\2020.0\\environments\common\system\PaperSizesForDrawings.dat
01-12-2021 13:19:47:MoveNext:Loading data from: C:\TeklaStructures\2020.0\\environments\common\system\DrawingSizes.dat
01-12-2021 13:19:47:MoveNext:Loading data from: C:\TeklaStructures\2020.0\\environments\common\system\PaperSizesForDrawings.dat
01-12-2021 13:19:47:Main2:DPMPrinter ended -------------------------------------------------
01-12-2021 13:19:48:Main2:DPMPrinter started ------------------------------------------------- C:\TeklaStructures\2020.0\nt\bin\applications\Tekla\Model\DPMPrinter\DPMPrinterCommand.exe
01-12-2021 13:19:48:Main2:Args: printer:pdf, paper:A4, scalingMethod:Auto, orientation:Landscape, copies:1, colormode:BlackAndWhite, out:D:\Vijayakumar\01_Tekla_API\SK-001-Package\01-Input\01-Rajesh\1799\11-71-76-1799_IFF_241121\03.TEKLA MODEL\11-71-76-1799_PS GAS LIFT WELL\01-12-2021131818\02.PDF\[1]_01.pdf, openFileWhenFinished:false, multiSheet:false, printActive:true
01-12-2021 13:19:48:Main2:DllDirectory = 'C:\TeklaStructures\2020.0\\nt\bin\'
01-12-2021 13:19:48:Main2:Path = 'C:\windows\system32;C:\windows;C:\windows\System32\Wbem;C:\windows\System32\WindowsPowerShell\v1.0\;C:\windows\System32\OpenSSH\;C:\Program Files (x86)\NVIDIA Corporation\PhysX\Common;C:\Program Files\NVIDIA Corporation\NVIDIA NvDLISR;C:\Program Files\dotnet\;C:\Program Files\Microsoft SQL Server\130\Tools\Binn\;C:\Program Files\Microsoft SQL Server\Client SDK\ODBC\170\Tools\Binn\;C:\Users\Vijayakumar\AppData\Local\Microsoft\WindowsApps;C:\Users\Vijayakumar\.dotnet\tools'
01-12-2021 13:19:48:Main2:Is64BitOS = True
01-12-2021 13:19:48:Main2:Is64BitProcess = True
01-12-2021 13:19:49:MoveNext:Loading data from: C:\TeklaStructures\2020.0\\environments\common\system\PaperSizesForDrawings.dat
01-12-2021 13:19:49:MoveNext:Loading data from: C:\TeklaStructures\2020.0\\environments\common\system\DrawingSizes.dat
01-12-2021 13:19:49:MoveNext:Loading data from: C:\TeklaStructures\2020.0\\environments\common\system\PaperSizesForDrawings.dat
01-12-2021 13:19:49:Main2:DPMPrinter ended -------------------------------------------------
01-12-2021 13:19:50:Main2:DPMPrinter started ------------------------------------------------- C:\TeklaStructures\2020.0\nt\bin\applications\Tekla\Model\DPMPrinter\DPMPrinterCommand.exe
01-12-2021 13:19:50:Main2:Args: printer:pdf, paper:A4, scalingMethod:Auto, orientation:Landscape, copies:1, colormode:BlackAndWhite, out:D:\Vijayakumar\01_Tekla_API\SK-001-Package\01-Input\01-Rajesh\1799\11-71-76-1799_IFF_241121\03.TEKLA MODEL\11-71-76-1799_PS GAS LIFT WELL\01-12-2021131818\02.PDF\[11-71-260-CPS-00.8]_PIPE_SUPPORT.pdf, openFileWhenFinished:false, multiSheet:false, printActive:true
01-12-2021 13:19:50:Main2:DllDirectory = 'C:\TeklaStructures\2020.0\\nt\bin\'
01-12-2021 13:19:50:Main2:Path = 'C:\windows\system32;C:\windows;C:\windows\System32\Wbem;C:\windows\System32\WindowsPowerShell\v1.0\;C:\windows\System32\OpenSSH\;C:\Program Files (x86)\NVIDIA Corporation\PhysX\Common;C:\Program Files\NVIDIA Corporation\NVIDIA NvDLISR;C:\Program Files\dotnet\;C:\Program Files\Microsoft SQL Server\130\Tools\Binn\;C:\Program Files\Microsoft SQL Server\Client SDK\ODBC\170\Tools\Binn\;C:\Users\Vijayakumar\AppData\Local\Microsoft\WindowsApps;C:\Users\Vijayakumar\.dotnet\tools'
01-12-2021 13:19:50:Main2:Is64BitOS = True
01-12-2021 13:19:50:Main2:Is64BitProcess = True
01-12-2021 13:19:50:MoveNext:Loading data from: C:\TeklaStructures\2020.0\\environments\common\system\PaperSizesForDrawings.dat
01-12-2021 13:19:50:MoveNext:Loading data from: C:\TeklaStructures\2020.0\\environments\common\system\DrawingSizes.dat
01-12-2021 13:19:50:MoveNext:Loading data from: C:\TeklaStructures\2020.0\\environments\common\system\PaperSizesForDrawings.dat
01-12-2021 13:19:50:Main2:DPMPrinter ended -------------------------------------------------
01-12-2021 13:19:51:Main2:DPMPrinter started ------------------------------------------------- C:\TeklaStructures\2020.0\nt\bin\applications\Tekla\Model\DPMPrinter\DPMPrinterCommand.exe
01-12-2021 13:19:51:Main2:Args: printer:pdf, paper:A4, scalingMethod:Auto, orientation:Landscape, copies:1, colormode:BlackAndWhite, out:D:\Vijayakumar\01_Tekla_API\SK-001-Package\01-Input\01-Rajesh\1799\11-71-76-1799_IFF_241121\03.TEKLA MODEL\11-71-76-1799_PS GAS LIFT WELL\01-12-2021131818\02.PDF\[11-71-260-CPS-00.9]_PIPE_SUPPORT.pdf, openFileWhenFinished:false, multiSheet:false, printActive:true
01-12-2021 13:19:51:Main2:DllDirectory = 'C:\TeklaStructures\2020.0\\nt\bin\'
01-12-2021 13:19:51:Main2:Path = 'C:\windows\system32;C:\windows;C:\windows\System32\Wbem;C:\windows\System32\WindowsPowerShell\v1.0\;C:\windows\System32\OpenSSH\;C:\Program Files (x86)\NVIDIA Corporation\PhysX\Common;C:\Program Files\NVIDIA Corporation\NVIDIA NvDLISR;C:\Program Files\dotnet\;C:\Program Files\Microsoft SQL Server\130\Tools\Binn\;C:\Program Files\Microsoft SQL Server\Client SDK\ODBC\170\Tools\Binn\;C:\Users\Vijayakumar\AppData\Local\Microsoft\WindowsApps;C:\Users\Vijayakumar\.dotnet\tools'
01-12-2021 13:19:51:Main2:Is64BitOS = True
01-12-2021 13:19:51:Main2:Is64BitProcess = True
01-12-2021 13:19:51:MoveNext:Loading data from: C:\TeklaStructures\2020.0\\environments\common\system\PaperSizesForDrawings.dat
01-12-2021 13:19:51:MoveNext:Loading data from: C:\TeklaStructures\2020.0\\environments\common\system\DrawingSizes.dat
01-12-2021 13:19:51:MoveNext:Loading data from: C:\TeklaStructures\2020.0\\environments\common\system\PaperSizesForDrawings.dat
01-12-2021 13:19:51:Main2:DPMPrinter ended -------------------------------------------------
01-12-2021 13:19:52:Main2:DPMPrinter started ------------------------------------------------- C:\TeklaStructures\2020.0\nt\bin\applications\Tekla\Model\DPMPrinter\DPMPrinterCommand.exe
01-12-2021 13:19:52:Main2:Args: printer:pdf, paper:A4, scalingMethod:Auto, orientation:Landscape, copies:1, colormode:BlackAndWhite, out:D:\Vijayakumar\01_Tekla_API\SK-001-Package\01-Input\01-Rajesh\1799\11-71-76-1799_IFF_241121\03.TEKLA MODEL\11-71-76-1799_PS GAS LIFT WELL\01-12-2021131818\02.PDF\[11-71-260-CPS-0.37]_PIPE_SUPPORT.pdf, openFileWhenFinished:false, multiSheet:false, printActive:true
01-12-2021 13:19:52:Main2:DllDirectory = 'C:\TeklaStructures\2020.0\\nt\bin\'
01-12-2021 13:19:52:Main2:Path = 'C:\windows\system32;C:\windows;C:\windows\System32\Wbem;C:\windows\System32\WindowsPowerShell\v1.0\;C:\windows\System32\OpenSSH\;C:\Program Files (x86)\NVIDIA Corporation\PhysX\Common;C:\Program Files\NVIDIA Corporation\NVIDIA NvDLISR;C:\Program Files\dotnet\;C:\Program Files\Microsoft SQL Server\130\Tools\Binn\;C:\Program Files\Microsoft SQL Server\Client SDK\ODBC\170\Tools\Binn\;C:\Users\Vijayakumar\AppData\Local\Microsoft\WindowsApps;C:\Users\Vijayakumar\.dotnet\tools'
01-12-2021 13:19:52:Main2:Is64BitOS = True
01-12-2021 13:19:52:Main2:Is64BitProcess = True
01-12-2021 13:19:53:MoveNext:Loading data from: C:\TeklaStructures\2020.0\\environments\common\system\PaperSizesForDrawings.dat
01-12-2021 13:19:53:MoveNext:Loading data from: C:\TeklaStructures\2020.0\\environments\common\system\DrawingSizes.dat
01-12-2021 13:19:53:MoveNext:Loading data from: C:\TeklaStructures\2020.0\\environments\common\system\PaperSizesForDrawings.dat
01-12-2021 13:19:53:Main2:DPMPrinter ended -------------------------------------------------
01-12-2021 13:19:54:Main2:DPMPrinter started ------------------------------------------------- C:\TeklaStructures\2020.0\nt\bin\applications\Tekla\Model\DPMPrinter\DPMPrinterCommand.exe
01-12-2021 13:19:54:Main2:Args: printer:pdf, paper:A4, scalingMethod:Auto, orientation:Landscape, copies:1, colormode:BlackAndWhite, out:D:\Vijayakumar\01_Tekla_API\SK-001-Package\01-Input\01-Rajesh\1799\11-71-76-1799_IFF_241121\03.TEKLA MODEL\11-71-76-1799_PS GAS LIFT WELL\01-12-2021131818\02.PDF\[11-71-260-CPS-00.1]_PIPE SUPPORT.pdf, openFileWhenFinished:false, multiSheet:false, printActive:true
01-12-2021 13:19:54:Main2:DllDirectory = 'C:\TeklaStructures\2020.0\\nt\bin\'
01-12-2021 13:19:54:Main2:Path = 'C:\windows\system32;C:\windows;C:\windows\System32\Wbem;C:\windows\System32\WindowsPowerShell\v1.0\;C:\windows\System32\OpenSSH\;C:\Program Files (x86)\NVIDIA Corporation\PhysX\Common;C:\Program Files\NVIDIA Corporation\NVIDIA NvDLISR;C:\Program Files\dotnet\;C:\Program Files\Microsoft SQL Server\130\Tools\Binn\;C:\Program Files\Microsoft SQL Server\Client SDK\ODBC\170\Tools\Binn\;C:\Users\Vijayakumar\AppData\Local\Microsoft\WindowsApps;C:\Users\Vijayakumar\.dotnet\tools'
01-12-2021 13:19:54:Main2:Is64BitOS = True
01-12-2021 13:19:54:Main2:Is64BitProcess = True
01-12-2021 13:19:54:MoveNext:Loading data from: C:\TeklaStructures\2020.0\\environments\common\system\PaperSizesForDrawings.dat
01-12-2021 13:19:54:MoveNext:Loading data from: C:\TeklaStructures\2020.0\\environments\common\system\DrawingSizes.dat
01-12-2021 13:19:54:MoveNext:Loading data from: C:\TeklaStructures\2020.0\\environments\common\system\PaperSizesForDrawings.dat
01-12-2021 13:19:54:Main2:DPMPrinter ended -------------------------------------------------
01-12-2021 13:19:55:Main2:DPMPrinter started ------------------------------------------------- C:\TeklaStructures\2020.0\nt\bin\applications\Tekla\Model\DPMPrinter\DPMPrinterCommand.exe
01-12-2021 13:19:55:Main2:Args: printer:pdf, paper:A4, scalingMethod:Auto, orientation:Landscape, copies:1, colormode:BlackAndWhite, out:D:\Vijayakumar\01_Tekla_API\SK-001-Package\01-Input\01-Rajesh\1799\11-71-76-1799_IFF_241121\03.TEKLA MODEL\11-71-76-1799_PS GAS LIFT WELL\01-12-2021131818\02.PDF\[11-71-260-CPS-00.2]_PIPE SUPPORT.pdf, openFileWhenFinished:false, multiSheet:false, printActive:true
01-12-2021 13:19:55:Main2:DllDirectory = 'C:\TeklaStructures\2020.0\\nt\bin\'
01-12-2021 13:19:55:Main2:Path = 'C:\windows\system32;C:\windows;C:\windows\System32\Wbem;C:\windows\System32\WindowsPowerShell\v1.0\;C:\windows\System32\OpenSSH\;C:\Program Files (x86)\NVIDIA Corporation\PhysX\Common;C:\Program Files\NVIDIA Corporation\NVIDIA NvDLISR;C:\Program Files\dotnet\;C:\Program Files\Microsoft SQL Server\130\Tools\Binn\;C:\Program Files\Microsoft SQL Server\Client SDK\ODBC\170\Tools\Binn\;C:\Users\Vijayakumar\AppData\Local\Microsoft\WindowsApps;C:\Users\Vijayakumar\.dotnet\tools'
01-12-2021 13:19:55:Main2:Is64BitOS = True
01-12-2021 13:19:55:Main2:Is64BitProcess = True
01-12-2021 13:19:55:MoveNext:Loading data from: C:\TeklaStructures\2020.0\\environments\common\system\PaperSizesForDrawings.dat
01-12-2021 13:19:55:MoveNext:Loading data from: C:\TeklaStructures\2020.0\\environments\common\system\DrawingSizes.dat
01-12-2021 13:19:55:MoveNext:Loading data from: C:\TeklaStructures\2020.0\\environments\common\system\PaperSizesForDrawings.dat
01-12-2021 13:19:56:Main2:DPMPrinter ended -------------------------------------------------
01-12-2021 13:19:56:Main2:DPMPrinter started ------------------------------------------------- C:\TeklaStructures\2020.0\nt\bin\applications\Tekla\Model\DPMPrinter\DPMPrinterCommand.exe
01-12-2021 13:19:56:Main2:Args: printer:pdf, paper:A4, scalingMethod:Auto, orientation:Landscape, copies:1, colormode:BlackAndWhite, out:D:\Vijayakumar\01_Tekla_API\SK-001-Package\01-Input\01-Rajesh\1799\11-71-76-1799_IFF_241121\03.TEKLA MODEL\11-71-76-1799_PS GAS LIFT WELL\01-12-2021131818\02.PDF\[11-71-260-CPS-00.4]_PIPE SUPPORT.pdf, openFileWhenFinished:false, multiSheet:false, printActive:true
01-12-2021 13:19:56:Main2:DllDirectory = 'C:\TeklaStructures\2020.0\\nt\bin\'
01-12-2021 13:19:56:Main2:Path = 'C:\windows\system32;C:\windows;C:\windows\System32\Wbem;C:\windows\System32\WindowsPowerShell\v1.0\;C:\windows\System32\OpenSSH\;C:\Program Files (x86)\NVIDIA Corporation\PhysX\Common;C:\Program Files\NVIDIA Corporation\NVIDIA NvDLISR;C:\Program Files\dotnet\;C:\Program Files\Microsoft SQL Server\130\Tools\Binn\;C:\Program Files\Microsoft SQL Server\Client SDK\ODBC\170\Tools\Binn\;C:\Users\Vijayakumar\AppData\Local\Microsoft\WindowsApps;C:\Users\Vijayakumar\.dotnet\tools'
01-12-2021 13:19:56:Main2:Is64BitOS = True
01-12-2021 13:19:56:Main2:Is64BitProcess = True
01-12-2021 13:19:57:MoveNext:Loading data from: C:\TeklaStructures\2020.0\\environments\common\system\PaperSizesForDrawings.dat
01-12-2021 13:19:57:MoveNext:Loading data from: C:\TeklaStructures\2020.0\\environments\common\system\DrawingSizes.dat
01-12-2021 13:19:57:MoveNext:Loading data from: C:\TeklaStructures\2020.0\\environments\common\system\PaperSizesForDrawings.dat
01-12-2021 13:19:57:Main2:DPMPrinter ended -------------------------------------------------
01-12-2021 13:19:58:Main2:DPMPrinter started ------------------------------------------------- C:\TeklaStructures\2020.0\nt\bin\applications\Tekla\Model\DPMPrinter\DPMPrinterCommand.exe
01-12-2021 13:19:58:Main2:Args: printer:pdf, paper:A4, scalingMethod:Auto, orientation:Landscape, copies:1, colormode:BlackAndWhite, out:D:\Vijayakumar\01_Tekla_API\SK-001-Package\01-Input\01-Rajesh\1799\11-71-76-1799_IFF_241121\03.TEKLA MODEL\11-71-76-1799_PS GAS LIFT WELL\01-12-2021131818\02.PDF\[11-71-260-CPS-00.3]_PIPE SUPPORT.pdf, openFileWhenFinished:false, multiSheet:false, printActive:true
01-12-2021 13:19:58:Main2:DllDirectory = 'C:\TeklaStructures\2020.0\\nt\bin\'
01-12-2021 13:19:58:Main2:Path = 'C:\windows\system32;C:\windows;C:\windows\System32\Wbem;C:\windows\System32\WindowsPowerShell\v1.0\;C:\windows\System32\OpenSSH\;C:\Program Files (x86)\NVIDIA Corporation\PhysX\Common;C:\Program Files\NVIDIA Corporation\NVIDIA NvDLISR;C:\Program Files\dotnet\;C:\Program Files\Microsoft SQL Server\130\Tools\Binn\;C:\Program Files\Microsoft SQL Server\Client SDK\ODBC\170\Tools\Binn\;C:\Users\Vijayakumar\AppData\Local\Microsoft\WindowsApps;C:\Users\Vijayakumar\.dotnet\tools'
01-12-2021 13:19:58:Main2:Is64BitOS = True
01-12-2021 13:19:58:Main2:Is64BitProcess = True
01-12-2021 13:19:58:MoveNext:Loading data from: C:\TeklaStructures\2020.0\\environments\common\system\PaperSizesForDrawings.dat
01-12-2021 13:19:58:MoveNext:Loading data from: C:\TeklaStructures\2020.0\\environments\common\system\DrawingSizes.dat
01-12-2021 13:19:58:MoveNext:Loading data from: C:\TeklaStructures\2020.0\\environments\common\system\PaperSizesForDrawings.dat
01-12-2021 13:19:58:Main2:DPMPrinter ended -------------------------------------------------
01-12-2021 13:19:59:Main2:DPMPrinter started ------------------------------------------------- C:\TeklaStructures\2020.0\nt\bin\applications\Tekla\Model\DPMPrinter\DPMPrinterCommand.exe
01-12-2021 13:19:59:Main2:Args: printer:pdf, paper:A4, scalingMethod:Auto, orientation:Landscape, copies:1, colormode:BlackAndWhite, out:D:\Vijayakumar\01_Tekla_API\SK-001-Package\01-Input\01-Rajesh\1799\11-71-76-1799_IFF_241121\03.TEKLA MODEL\11-71-76-1799_PS GAS LIFT WELL\01-12-2021131818\02.PDF\[11-71-260-CPS-0.11]_PIPE_SUPPORT.pdf, openFileWhenFinished:false, multiSheet:false, printActive:true
01-12-2021 13:19:59:Main2:DllDirectory = 'C:\TeklaStructures\2020.0\\nt\bin\'
01-12-2021 13:19:59:Main2:Path = 'C:\windows\system32;C:\windows;C:\windows\System32\Wbem;C:\windows\System32\WindowsPowerShell\v1.0\;C:\windows\System32\OpenSSH\;C:\Program Files (x86)\NVIDIA Corporation\PhysX\Common;C:\Program Files\NVIDIA Corporation\NVIDIA NvDLISR;C:\Program Files\dotnet\;C:\Program Files\Microsoft SQL Server\130\Tools\Binn\;C:\Program Files\Microsoft SQL Server\Client SDK\ODBC\170\Tools\Binn\;C:\Users\Vijayakumar\AppData\Local\Microsoft\WindowsApps;C:\Users\Vijayakumar\.dotnet\tools'
01-12-2021 13:19:59:Main2:Is64BitOS = True
01-12-2021 13:19:59:Main2:Is64BitProcess = True
01-12-2021 13:19:59:MoveNext:Loading data from: C:\TeklaStructures\2020.0\\environments\common\system\PaperSizesForDrawings.dat
01-12-2021 13:19:59:MoveNext:Loading data from: C:\TeklaStructures\2020.0\\environments\common\system\DrawingSizes.dat
01-12-2021 13:19:59:MoveNext:Loading data from: C:\TeklaStructures\2020.0\\environments\common\system\PaperSizesForDrawings.dat
01-12-2021 13:20:00:Main2:DPMPrinter ended -------------------------------------------------
01-12-2021 13:20:01:Main2:DPMPrinter started ------------------------------------------------- C:\TeklaStructures\2020.0\nt\bin\applications\Tekla\Model\DPMPrinter\DPMPrinterCommand.exe
01-12-2021 13:20:01:Main2:Args: printer:pdf, paper:A4, scalingMethod:Auto, orientation:Landscape, copies:1, colormode:BlackAndWhite, out:D:\Vijayakumar\01_Tekla_API\SK-001-Package\01-Input\01-Rajesh\1799\11-71-76-1799_IFF_241121\03.TEKLA MODEL\11-71-76-1799_PS GAS LIFT WELL\01-12-2021131818\02.PDF\[11-71-260-CPS-0.20]_PIPE SUPPORT.pdf, openFileWhenFinished:false, multiSheet:false, printActive:true
01-12-2021 13:20:01:Main2:DllDirectory = 'C:\TeklaStructures\2020.0\\nt\bin\'
01-12-2021 13:20:01:Main2:Path = 'C:\windows\system32;C:\windows;C:\windows\System32\Wbem;C:\windows\System32\WindowsPowerShell\v1.0\;C:\windows\System32\OpenSSH\;C:\Program Files (x86)\NVIDIA Corporation\PhysX\Common;C:\Program Files\NVIDIA Corporation\NVIDIA NvDLISR;C:\Program Files\dotnet\;C:\Program Files\Microsoft SQL Server\130\Tools\Binn\;C:\Program Files\Microsoft SQL Server\Client SDK\ODBC\170\Tools\Binn\;C:\Users\Vijayakumar\AppData\Local\Microsoft\WindowsApps;C:\Users\Vijayakumar\.dotnet\tools'
01-12-2021 13:20:01:Main2:Is64BitOS = True
01-12-2021 13:20:01:Main2:Is64BitProcess = True
01-12-2021 13:20:01:MoveNext:Loading data from: C:\TeklaStructures\2020.0\\environments\common\system\PaperSizesForDrawings.dat
01-12-2021 13:20:01:MoveNext:Loading data from: C:\TeklaStructures\2020.0\\environments\common\system\DrawingSizes.dat
01-12-2021 13:20:01:MoveNext:Loading data from: C:\TeklaStructures\2020.0\\environments\common\system\PaperSizesForDrawings.dat
01-12-2021 13:20:01:Main2:DPMPrinter ended -------------------------------------------------
01-12-2021 13:20:02:Main2:DPMPrinter started ------------------------------------------------- C:\TeklaStructures\2020.0\nt\bin\applications\Tekla\Model\DPMPrinter\DPMPrinterCommand.exe
01-12-2021 13:20:02:Main2:Args: printer:pdf, paper:A4, scalingMethod:Auto, orientation:Landscape, copies:1, colormode:BlackAndWhite, out:D:\Vijayakumar\01_Tekla_API\SK-001-Package\01-Input\01-Rajesh\1799\11-71-76-1799_IFF_241121\03.TEKLA MODEL\11-71-76-1799_PS GAS LIFT WELL\01-12-2021131818\02.PDF\[11-71-260-CPS-0.12]_PIPE_SUPPORT.pdf, openFileWhenFinished:false, multiSheet:false, printActive:true
01-12-2021 13:20:02:Main2:DllDirectory = 'C:\TeklaStructures\2020.0\\nt\bin\'
01-12-2021 13:20:02:Main2:Path = 'C:\windows\system32;C:\windows;C:\windows\System32\Wbem;C:\windows\System32\WindowsPowerShell\v1.0\;C:\windows\System32\OpenSSH\;C:\Program Files (x86)\NVIDIA Corporation\PhysX\Common;C:\Program Files\NVIDIA Corporation\NVIDIA NvDLISR;C:\Program Files\dotnet\;C:\Program Files\Microsoft SQL Server\130\Tools\Binn\;C:\Program Files\Microsoft SQL Server\Client SDK\ODBC\170\Tools\Binn\;C:\Users\Vijayakumar\AppData\Local\Microsoft\WindowsApps;C:\Users\Vijayakumar\.dotnet\tools'
01-12-2021 13:20:02:Main2:Is64BitOS = True
01-12-2021 13:20:02:Main2:Is64BitProcess = True
01-12-2021 13:20:02:MoveNext:Loading data from: C:\TeklaStructures\2020.0\\environments\common\system\PaperSizesForDrawings.dat
01-12-2021 13:20:02:MoveNext:Loading data from: C:\TeklaStructures\2020.0\\environments\common\system\DrawingSizes.dat
01-12-2021 13:20:02:MoveNext:Loading data from: C:\TeklaStructures\2020.0\\environments\common\system\PaperSizesForDrawings.dat
01-12-2021 13:20:02:Main2:DPMPrinter ended -------------------------------------------------
01-12-2021 13:20:03:Main2:DPMPrinter started ------------------------------------------------- C:\TeklaStructures\2020.0\nt\bin\applications\Tekla\Model\DPMPrinter\DPMPrinterCommand.exe
01-12-2021 13:20:03:Main2:Args: printer:pdf, paper:A4, scalingMethod:Auto, orientation:Landscape, copies:1, colormode:BlackAndWhite, out:D:\Vijayakumar\01_Tekla_API\SK-001-Package\01-Input\01-Rajesh\1799\11-71-76-1799_IFF_241121\03.TEKLA MODEL\11-71-76-1799_PS GAS LIFT WELL\01-12-2021131818\02.PDF\[11-71-260-CPS-0.13]_PIPE_SUPPORT.pdf, openFileWhenFinished:false, multiSheet:false, printActive:true
01-12-2021 13:20:03:Main2:DllDirectory = 'C:\TeklaStructures\2020.0\\nt\bin\'
01-12-2021 13:20:03:Main2:Path = 'C:\windows\system32;C:\windows;C:\windows\System32\Wbem;C:\windows\System32\WindowsPowerShell\v1.0\;C:\windows\System32\OpenSSH\;C:\Program Files (x86)\NVIDIA Corporation\PhysX\Common;C:\Program Files\NVIDIA Corporation\NVIDIA NvDLISR;C:\Program Files\dotnet\;C:\Program Files\Microsoft SQL Server\130\Tools\Binn\;C:\Program Files\Microsoft SQL Server\Client SDK\ODBC\170\Tools\Binn\;C:\Users\Vijayakumar\AppData\Local\Microsoft\WindowsApps;C:\Users\Vijayakumar\.dotnet\tools'
01-12-2021 13:20:03:Main2:Is64BitOS = True
01-12-2021 13:20:03:Main2:Is64BitProcess = True
01-12-2021 13:20:04:MoveNext:Loading data from: C:\TeklaStructures\2020.0\\environments\common\system\PaperSizesForDrawings.dat
01-12-2021 13:20:04:MoveNext:Loading data from: C:\TeklaStructures\2020.0\\environments\common\system\DrawingSizes.dat
01-12-2021 13:20:04:MoveNext:Loading data from: C:\TeklaStructures\2020.0\\environments\common\system\PaperSizesForDrawings.dat
01-12-2021 13:20:04:Main2:DPMPrinter ended -------------------------------------------------
01-12-2021 13:20:05:Main2:DPMPrinter started ------------------------------------------------- C:\TeklaStructures\2020.0\nt\bin\applications\Tekla\Model\DPMPrinter\DPMPrinterCommand.exe
01-12-2021 13:20:05:Main2:Args: printer:pdf, paper:A4, scalingMethod:Auto, orientation:Landscape, copies:1, colormode:BlackAndWhite, out:D:\Vijayakumar\01_Tekla_API\SK-001-Package\01-Input\01-Rajesh\1799\11-71-76-1799_IFF_241121\03.TEKLA MODEL\11-71-76-1799_PS GAS LIFT WELL\01-12-2021131818\02.PDF\[11-71-260-CPS-0.14]_PIPE SUPPORT.pdf, openFileWhenFinished:false, multiSheet:false, printActive:true
01-12-2021 13:20:05:Main2:DllDirectory = 'C:\TeklaStructures\2020.0\\nt\bin\'
01-12-2021 13:20:05:Main2:Path = 'C:\windows\system32;C:\windows;C:\windows\System32\Wbem;C:\windows\System32\WindowsPowerShell\v1.0\;C:\windows\System32\OpenSSH\;C:\Program Files (x86)\NVIDIA Corporation\PhysX\Common;C:\Program Files\NVIDIA Corporation\NVIDIA NvDLISR;C:\Program Files\dotnet\;C:\Program Files\Microsoft SQL Server\130\Tools\Binn\;C:\Program Files\Microsoft SQL Server\Client SDK\ODBC\170\Tools\Binn\;C:\Users\Vijayakumar\AppData\Local\Microsoft\WindowsApps;C:\Users\Vijayakumar\.dotnet\tools'
01-12-2021 13:20:05:Main2:Is64BitOS = True
01-12-2021 13:20:05:Main2:Is64BitProcess = True
01-12-2021 13:20:05:MoveNext:Loading data from: C:\TeklaStructures\2020.0\\environments\common\system\PaperSizesForDrawings.dat
01-12-2021 13:20:05:MoveNext:Loading data from: C:\TeklaStructures\2020.0\\environments\common\system\DrawingSizes.dat
01-12-2021 13:20:05:MoveNext:Loading data from: C:\TeklaStructures\2020.0\\environments\common\system\PaperSizesForDrawings.dat
01-12-2021 13:20:05:Main2:DPMPrinter ended -------------------------------------------------
01-12-2021 13:20:06:Main2:DPMPrinter started ------------------------------------------------- C:\TeklaStructures\2020.0\nt\bin\applications\Tekla\Model\DPMPrinter\DPMPrinterCommand.exe
01-12-2021 13:20:06:Main2:Args: printer:pdf, paper:A4, scalingMethod:Auto, orientation:Landscape, copies:1, colormode:BlackAndWhite, out:D:\Vijayakumar\01_Tekla_API\SK-001-Package\01-Input\01-Rajesh\1799\11-71-76-1799_IFF_241121\03.TEKLA MODEL\11-71-76-1799_PS GAS LIFT WELL\01-12-2021131818\02.PDF\[11-71-260-CPS-0.18]_PIPE_SUPPORT.pdf, openFileWhenFinished:false, multiSheet:false, printActive:true
01-12-2021 13:20:06:Main2:DllDirectory = 'C:\TeklaStructures\2020.0\\nt\bin\'
01-12-2021 13:20:06:Main2:Path = 'C:\windows\system32;C:\windows;C:\windows\System32\Wbem;C:\windows\System32\WindowsPowerShell\v1.0\;C:\windows\System32\OpenSSH\;C:\Program Files (x86)\NVIDIA Corporation\PhysX\Common;C:\Program Files\NVIDIA Corporation\NVIDIA NvDLISR;C:\Program Files\dotnet\;C:\Program Files\Microsoft SQL Server\130\Tools\Binn\;C:\Program Files\Microsoft SQL Server\Client SDK\ODBC\170\Tools\Binn\;C:\Users\Vijayakumar\AppData\Local\Microsoft\WindowsApps;C:\Users\Vijayakumar\.dotnet\tools'
01-12-2021 13:20:06:Main2:Is64BitOS = True
01-12-2021 13:20:06:Main2:Is64BitProcess = True
01-12-2021 13:20:06:MoveNext:Loading data from: C:\TeklaStructures\2020.0\\environments\common\system\PaperSizesForDrawings.dat
01-12-2021 13:20:06:MoveNext:Loading data from: C:\TeklaStructures\2020.0\\environments\common\system\DrawingSizes.dat
01-12-2021 13:20:06:MoveNext:Loading data from: C:\TeklaStructures\2020.0\\environments\common\system\PaperSizesForDrawings.dat
01-12-2021 13:20:07:Main2:DPMPrinter ended -------------------------------------------------
01-12-2021 13:20:07:Main2:DPMPrinter started ------------------------------------------------- C:\TeklaStructures\2020.0\nt\bin\applications\Tekla\Model\DPMPrinter\DPMPrinterCommand.exe
01-12-2021 13:20:07:Main2:Args: printer:pdf, paper:A4, scalingMethod:Auto, orientation:Landscape, copies:1, colormode:BlackAndWhite, out:D:\Vijayakumar\01_Tekla_API\SK-001-Package\01-Input\01-Rajesh\1799\11-71-76-1799_IFF_241121\03.TEKLA MODEL\11-71-76-1799_PS GAS LIFT WELL\01-12-2021131818\02.PDF\[11-71-260-CPS-0.17]_PIPE SUPPORT.pdf, openFileWhenFinished:false, multiSheet:false, printActive:true
01-12-2021 13:20:07:Main2:DllDirectory = 'C:\TeklaStructures\2020.0\\nt\bin\'
01-12-2021 13:20:07:Main2:Path = 'C:\windows\system32;C:\windows;C:\windows\System32\Wbem;C:\windows\System32\WindowsPowerShell\v1.0\;C:\windows\System32\OpenSSH\;C:\Program Files (x86)\NVIDIA Corporation\PhysX\Common;C:\Program Files\NVIDIA Corporation\NVIDIA NvDLISR;C:\Program Files\dotnet\;C:\Program Files\Microsoft SQL Server\130\Tools\Binn\;C:\Program Files\Microsoft SQL Server\Client SDK\ODBC\170\Tools\Binn\;C:\Users\Vijayakumar\AppData\Local\Microsoft\WindowsApps;C:\Users\Vijayakumar\.dotnet\tools'
01-12-2021 13:20:07:Main2:Is64BitOS = True
01-12-2021 13:20:07:Main2:Is64BitProcess = True
01-12-2021 13:20:08:MoveNext:Loading data from: C:\TeklaStructures\2020.0\\environments\common\system\PaperSizesForDrawings.dat
01-12-2021 13:20:08:MoveNext:Loading data from: C:\TeklaStructures\2020.0\\environments\common\system\DrawingSizes.dat
01-12-2021 13:20:08:MoveNext:Loading data from: C:\TeklaStructures\2020.0\\environments\common\system\PaperSizesForDrawings.dat
01-12-2021 13:20:08:Main2:DPMPrinter ended -------------------------------------------------
01-12-2021 13:20:09:Main2:DPMPrinter started ------------------------------------------------- C:\TeklaStructures\2020.0\nt\bin\applications\Tekla\Model\DPMPrinter\DPMPrinterCommand.exe
01-12-2021 13:20:09:Main2:Args: printer:pdf, paper:A4, scalingMethod:Auto, orientation:Landscape, copies:1, colormode:BlackAndWhite, out:D:\Vijayakumar\01_Tekla_API\SK-001-Package\01-Input\01-Rajesh\1799\11-71-76-1799_IFF_241121\03.TEKLA MODEL\11-71-76-1799_PS GAS LIFT WELL\01-12-2021131818\02.PDF\[11-71-260-CPS-0.16]_PIPE SUPPORT.pdf, openFileWhenFinished:false, multiSheet:false, printActive:true
01-12-2021 13:20:09:Main2:DllDirectory = 'C:\TeklaStructures\2020.0\\nt\bin\'
01-12-2021 13:20:09:Main2:Path = 'C:\windows\system32;C:\windows;C:\windows\System32\Wbem;C:\windows\System32\WindowsPowerShell\v1.0\;C:\windows\System32\OpenSSH\;C:\Program Files (x86)\NVIDIA Corporation\PhysX\Common;C:\Program Files\NVIDIA Corporation\NVIDIA NvDLISR;C:\Program Files\dotnet\;C:\Program Files\Microsoft SQL Server\130\Tools\Binn\;C:\Program Files\Microsoft SQL Server\Client SDK\ODBC\170\Tools\Binn\;C:\Users\Vijayakumar\AppData\Local\Microsoft\WindowsApps;C:\Users\Vijayakumar\.dotnet\tools'
01-12-2021 13:20:09:Main2:Is64BitOS = True
01-12-2021 13:20:09:Main2:Is64BitProcess = True
01-12-2021 13:20:09:MoveNext:Loading data from: C:\TeklaStructures\2020.0\\environments\common\system\PaperSizesForDrawings.dat
01-12-2021 13:20:09:MoveNext:Loading data from: C:\TeklaStructures\2020.0\\environments\common\system\DrawingSizes.dat
01-12-2021 13:20:09:MoveNext:Loading data from: C:\TeklaStructures\2020.0\\environments\common\system\PaperSizesForDrawings.dat
01-12-2021 13:20:09:Main2:DPMPrinter ended -------------------------------------------------
01-12-2021 13:20:10:Main2:DPMPrinter started ------------------------------------------------- C:\TeklaStructures\2020.0\nt\bin\applications\Tekla\Model\DPMPrinter\DPMPrinterCommand.exe
01-12-2021 13:20:10:Main2:Args: printer:pdf, paper:A4, scalingMethod:Auto, orientation:Landscape, copies:1, colormode:BlackAndWhite, out:D:\Vijayakumar\01_Tekla_API\SK-001-Package\01-Input\01-Rajesh\1799\11-71-76-1799_IFF_241121\03.TEKLA MODEL\11-71-76-1799_PS GAS LIFT WELL\01-12-2021131818\02.PDF\[11-71-260-CPS-0.15]_PIPE SUPPORT.pdf, openFileWhenFinished:false, multiSheet:false, printActive:true
01-12-2021 13:20:10:Main2:DllDirectory = 'C:\TeklaStructures\2020.0\\nt\bin\'
01-12-2021 13:20:10:Main2:Path = 'C:\windows\system32;C:\windows;C:\windows\System32\Wbem;C:\windows\System32\WindowsPowerShell\v1.0\;C:\windows\System32\OpenSSH\;C:\Program Files (x86)\NVIDIA Corporation\PhysX\Common;C:\Program Files\NVIDIA Corporation\NVIDIA NvDLISR;C:\Program Files\dotnet\;C:\Program Files\Microsoft SQL Server\130\Tools\Binn\;C:\Program Files\Microsoft SQL Server\Client SDK\ODBC\170\Tools\Binn\;C:\Users\Vijayakumar\AppData\Local\Microsoft\WindowsApps;C:\Users\Vijayakumar\.dotnet\tools'
01-12-2021 13:20:10:Main2:Is64BitOS = True
01-12-2021 13:20:10:Main2:Is64BitProcess = True
01-12-2021 13:20:10:MoveNext:Loading data from: C:\TeklaStructures\2020.0\\environments\common\system\PaperSizesForDrawings.dat
01-12-2021 13:20:10:MoveNext:Loading data from: C:\TeklaStructures\2020.0\\environments\common\system\DrawingSizes.dat
01-12-2021 13:20:10:MoveNext:Loading data from: C:\TeklaStructures\2020.0\\environments\common\system\PaperSizesForDrawings.dat
01-12-2021 13:20:11:Main2:DPMPrinter ended -------------------------------------------------
01-12-2021 13:20:11:Main2:DPMPrinter started ------------------------------------------------- C:\TeklaStructures\2020.0\nt\bin\applications\Tekla\Model\DPMPrinter\DPMPrinterCommand.exe
01-12-2021 13:20:11:Main2:Args: printer:pdf, paper:A4, scalingMethod:Auto, orientation:Landscape, copies:1, colormode:BlackAndWhite, out:D:\Vijayakumar\01_Tekla_API\SK-001-Package\01-Input\01-Rajesh\1799\11-71-76-1799_IFF_241121\03.TEKLA MODEL\11-71-76-1799_PS GAS LIFT WELL\01-12-2021131818\02.PDF\[11-71-260-CPS-0.25]_PIPE_SUPPORT.pdf, openFileWhenFinished:false, multiSheet:false, printActive:true
01-12-2021 13:20:11:Main2:DllDirectory = 'C:\TeklaStructures\2020.0\\nt\bin\'
01-12-2021 13:20:11:Main2:Path = 'C:\windows\system32;C:\windows;C:\windows\System32\Wbem;C:\windows\System32\WindowsPowerShell\v1.0\;C:\windows\System32\OpenSSH\;C:\Program Files (x86)\NVIDIA Corporation\PhysX\Common;C:\Program Files\NVIDIA Corporation\NVIDIA NvDLISR;C:\Program Files\dotnet\;C:\Program Files\Microsoft SQL Server\130\Tools\Binn\;C:\Program Files\Microsoft SQL Server\Client SDK\ODBC\170\Tools\Binn\;C:\Users\Vijayakumar\AppData\Local\Microsoft\WindowsApps;C:\Users\Vijayakumar\.dotnet\tools'
01-12-2021 13:20:11:Main2:Is64BitOS = True
01-12-2021 13:20:11:Main2:Is64BitProcess = True
01-12-2021 13:20:12:MoveNext:Loading data from: C:\TeklaStructures\2020.0\\environments\common\system\PaperSizesForDrawings.dat
01-12-2021 13:20:12:MoveNext:Loading data from: C:\TeklaStructures\2020.0\\environments\common\system\DrawingSizes.dat
01-12-2021 13:20:12:MoveNext:Loading data from: C:\TeklaStructures\2020.0\\environments\common\system\PaperSizesForDrawings.dat
01-12-2021 13:20:12:Main2:DPMPrinter ended -------------------------------------------------
01-12-2021 13:20:13:Main2:DPMPrinter started ------------------------------------------------- C:\TeklaStructures\2020.0\nt\bin\applications\Tekla\Model\DPMPrinter\DPMPrinterCommand.exe
01-12-2021 13:20:13:Main2:Args: printer:pdf, paper:A4, scalingMethod:Auto, orientation:Landscape, copies:1, colormode:BlackAndWhite, out:D:\Vijayakumar\01_Tekla_API\SK-001-Package\01-Input\01-Rajesh\1799\11-71-76-1799_IFF_241121\03.TEKLA MODEL\11-71-76-1799_PS GAS LIFT WELL\01-12-2021131818\02.PDF\[11-71-260-CPS-0.27]_PIPE_SUPPORT.pdf, openFileWhenFinished:false, multiSheet:false, printActive:true
01-12-2021 13:20:13:Main2:DllDirectory = 'C:\TeklaStructures\2020.0\\nt\bin\'
01-12-2021 13:20:13:Main2:Path = 'C:\windows\system32;C:\windows;C:\windows\System32\Wbem;C:\windows\System32\WindowsPowerShell\v1.0\;C:\windows\System32\OpenSSH\;C:\Program Files (x86)\NVIDIA Corporation\PhysX\Common;C:\Program Files\NVIDIA Corporation\NVIDIA NvDLISR;C:\Program Files\dotnet\;C:\Program Files\Microsoft SQL Server\130\Tools\Binn\;C:\Program Files\Microsoft SQL Server\Client SDK\ODBC\170\Tools\Binn\;C:\Users\Vijayakumar\AppData\Local\Microsoft\WindowsApps;C:\Users\Vijayakumar\.dotnet\tools'
01-12-2021 13:20:13:Main2:Is64BitOS = True
01-12-2021 13:20:13:Main2:Is64BitProcess = True
01-12-2021 13:20:13:MoveNext:Loading data from: C:\TeklaStructures\2020.0\\environments\common\system\PaperSizesForDrawings.dat
01-12-2021 13:20:13:MoveNext:Loading data from: C:\TeklaStructures\2020.0\\environments\common\system\DrawingSizes.dat
01-12-2021 13:20:13:MoveNext:Loading data from: C:\TeklaStructures\2020.0\\environments\common\system\PaperSizesForDrawings.dat
01-12-2021 13:20:13:Main2:DPMPrinter ended -------------------------------------------------
01-12-2021 13:20:14:Main2:DPMPrinter started ------------------------------------------------- C:\TeklaStructures\2020.0\nt\bin\applications\Tekla\Model\DPMPrinter\DPMPrinterCommand.exe
01-12-2021 13:20:14:Main2:Args: printer:pdf, paper:A4, scalingMethod:Auto, orientation:Landscape, copies:1, colormode:BlackAndWhite, out:D:\Vijayakumar\01_Tekla_API\SK-001-Package\01-Input\01-Rajesh\1799\11-71-76-1799_IFF_241121\03.TEKLA MODEL\11-71-76-1799_PS GAS LIFT WELL\01-12-2021131818\02.PDF\[11-71-260-CPS-0.31]_PIPE_SUPPORT.pdf, openFileWhenFinished:false, multiSheet:false, printActive:true
01-12-2021 13:20:14:Main2:DllDirectory = 'C:\TeklaStructures\2020.0\\nt\bin\'
01-12-2021 13:20:14:Main2:Path = 'C:\windows\system32;C:\windows;C:\windows\System32\Wbem;C:\windows\System32\WindowsPowerShell\v1.0\;C:\windows\System32\OpenSSH\;C:\Program Files (x86)\NVIDIA Corporation\PhysX\Common;C:\Program Files\NVIDIA Corporation\NVIDIA NvDLISR;C:\Program Files\dotnet\;C:\Program Files\Microsoft SQL Server\130\Tools\Binn\;C:\Program Files\Microsoft SQL Server\Client SDK\ODBC\170\Tools\Binn\;C:\Users\Vijayakumar\AppData\Local\Microsoft\WindowsApps;C:\Users\Vijayakumar\.dotnet\tools'
01-12-2021 13:20:14:Main2:Is64BitOS = True
01-12-2021 13:20:14:Main2:Is64BitProcess = True
01-12-2021 13:20:14:MoveNext:Loading data from: C:\TeklaStructures\2020.0\\environments\common\system\PaperSizesForDrawings.dat
01-12-2021 13:20:14:MoveNext:Loading data from: C:\TeklaStructures\2020.0\\environments\common\system\DrawingSizes.dat
01-12-2021 13:20:14:MoveNext:Loading data from: C:\TeklaStructures\2020.0\\environments\common\system\PaperSizesForDrawings.dat
01-12-2021 13:20:15:Main2:DPMPrinter ended -------------------------------------------------
01-12-2021 13:20:15:Main2:DPMPrinter started ------------------------------------------------- C:\TeklaStructures\2020.0\nt\bin\applications\Tekla\Model\DPMPrinter\DPMPrinterCommand.exe
01-12-2021 13:20:15:Main2:Args: printer:pdf, paper:A4, scalingMethod:Auto, orientation:Landscape, copies:1, colormode:BlackAndWhite, out:D:\Vijayakumar\01_Tekla_API\SK-001-Package\01-Input\01-Rajesh\1799\11-71-76-1799_IFF_241121\03.TEKLA MODEL\11-71-76-1799_PS GAS LIFT WELL\01-12-2021131818\02.PDF\[11-71-260-CPS-0.30]_PIPE_SUPPORT.pdf, openFileWhenFinished:false, multiSheet:false, printActive:true
01-12-2021 13:20:15:Main2:DllDirectory = 'C:\TeklaStructures\2020.0\\nt\bin\'
01-12-2021 13:20:15:Main2:Path = 'C:\windows\system32;C:\windows;C:\windows\System32\Wbem;C:\windows\System32\WindowsPowerShell\v1.0\;C:\windows\System32\OpenSSH\;C:\Program Files (x86)\NVIDIA Corporation\PhysX\Common;C:\Program Files\NVIDIA Corporation\NVIDIA NvDLISR;C:\Program Files\dotnet\;C:\Program Files\Microsoft SQL Server\130\Tools\Binn\;C:\Program Files\Microsoft SQL Server\Client SDK\ODBC\170\Tools\Binn\;C:\Users\Vijayakumar\AppData\Local\Microsoft\WindowsApps;C:\Users\Vijayakumar\.dotnet\tools'
01-12-2021 13:20:15:Main2:Is64BitOS = True
01-12-2021 13:20:15:Main2:Is64BitProcess = True
01-12-2021 13:20:16:MoveNext:Loading data from: C:\TeklaStructures\2020.0\\environments\common\system\PaperSizesForDrawings.dat
01-12-2021 13:20:16:MoveNext:Loading data from: C:\TeklaStructures\2020.0\\environments\common\system\DrawingSizes.dat
01-12-2021 13:20:16:MoveNext:Loading data from: C:\TeklaStructures\2020.0\\environments\common\system\PaperSizesForDrawings.dat
01-12-2021 13:20:16:Main2:DPMPrinter ended -------------------------------------------------
01-12-2021 13:20:17:Main2:DPMPrinter started ------------------------------------------------- C:\TeklaStructures\2020.0\nt\bin\applications\Tekla\Model\DPMPrinter\DPMPrinterCommand.exe
01-12-2021 13:20:17:Main2:Args: printer:pdf, paper:A4, scalingMethod:Auto, orientation:Landscape, copies:1, colormode:BlackAndWhite, out:D:\Vijayakumar\01_Tekla_API\SK-001-Package\01-Input\01-Rajesh\1799\11-71-76-1799_IFF_241121\03.TEKLA MODEL\11-71-76-1799_PS GAS LIFT WELL\01-12-2021131818\02.PDF\[11-71-260-CPS-0.29]_PIPE_SUPPORT.pdf, openFileWhenFinished:false, multiSheet:false, printActive:true
01-12-2021 13:20:17:Main2:DllDirectory = 'C:\TeklaStructures\2020.0\\nt\bin\'
01-12-2021 13:20:17:Main2:Path = 'C:\windows\system32;C:\windows;C:\windows\System32\Wbem;C:\windows\System32\WindowsPowerShell\v1.0\;C:\windows\System32\OpenSSH\;C:\Program Files (x86)\NVIDIA Corporation\PhysX\Common;C:\Program Files\NVIDIA Corporation\NVIDIA NvDLISR;C:\Program Files\dotnet\;C:\Program Files\Microsoft SQL Server\130\Tools\Binn\;C:\Program Files\Microsoft SQL Server\Client SDK\ODBC\170\Tools\Binn\;C:\Users\Vijayakumar\AppData\Local\Microsoft\WindowsApps;C:\Users\Vijayakumar\.dotnet\tools'
01-12-2021 13:20:17:Main2:Is64BitOS = True
01-12-2021 13:20:17:Main2:Is64BitProcess = True
01-12-2021 13:20:17:MoveNext:Loading data from: C:\TeklaStructures\2020.0\\environments\common\system\PaperSizesForDrawings.dat
01-12-2021 13:20:17:MoveNext:Loading data from: C:\TeklaStructures\2020.0\\environments\common\system\DrawingSizes.dat
01-12-2021 13:20:17:MoveNext:Loading data from: C:\TeklaStructures\2020.0\\environments\common\system\PaperSizesForDrawings.dat
01-12-2021 13:20:17:Main2:DPMPrinter ended -------------------------------------------------
01-12-2021 13:20:18:Main2:DPMPrinter started ------------------------------------------------- C:\TeklaStructures\2020.0\nt\bin\applications\Tekla\Model\DPMPrinter\DPMPrinterCommand.exe
01-12-2021 13:20:18:Main2:Args: printer:pdf, paper:A4, scalingMethod:Auto, orientation:Landscape, copies:1, colormode:BlackAndWhite, out:D:\Vijayakumar\01_Tekla_API\SK-001-Package\01-Input\01-Rajesh\1799\11-71-76-1799_IFF_241121\03.TEKLA MODEL\11-71-76-1799_PS GAS LIFT WELL\01-12-2021131818\02.PDF\[11-71-260-CPS-0.38]_PIPE_SUPPORT.pdf, openFileWhenFinished:false, multiSheet:false, printActive:true
01-12-2021 13:20:18:Main2:DllDirectory = 'C:\TeklaStructures\2020.0\\nt\bin\'
01-12-2021 13:20:18:Main2:Path = 'C:\windows\system32;C:\windows;C:\windows\System32\Wbem;C:\windows\System32\WindowsPowerShell\v1.0\;C:\windows\System32\OpenSSH\;C:\Program Files (x86)\NVIDIA Corporation\PhysX\Common;C:\Program Files\NVIDIA Corporation\NVIDIA NvDLISR;C:\Program Files\dotnet\;C:\Program Files\Microsoft SQL Server\130\Tools\Binn\;C:\Program Files\Microsoft SQL Server\Client SDK\ODBC\170\Tools\Binn\;C:\Users\Vijayakumar\AppData\Local\Microsoft\WindowsApps;C:\Users\Vijayakumar\.dotnet\tools'
01-12-2021 13:20:18:Main2:Is64BitOS = True
01-12-2021 13:20:18:Main2:Is64BitProcess = True
01-12-2021 13:20:18:MoveNext:Loading data from: C:\TeklaStructures\2020.0\\environments\common\system\PaperSizesForDrawings.dat
01-12-2021 13:20:18:MoveNext:Loading data from: C:\TeklaStructures\2020.0\\environments\common\system\DrawingSizes.dat
01-12-2021 13:20:18:MoveNext:Loading data from: C:\TeklaStructures\2020.0\\environments\common\system\PaperSizesForDrawings.dat
01-12-2021 13:20:19:Main2:DPMPrinter ended -------------------------------------------------
01-12-2021 13:20:20:Main2:DPMPrinter started ------------------------------------------------- C:\TeklaStructures\2020.0\nt\bin\applications\Tekla\Model\DPMPrinter\DPMPrinterCommand.exe
01-12-2021 13:20:20:Main2:Args: printer:pdf, paper:A4, scalingMethod:Auto, orientation:Landscape, copies:1, colormode:BlackAndWhite, out:D:\Vijayakumar\01_Tekla_API\SK-001-Package\01-Input\01-Rajesh\1799\11-71-76-1799_IFF_241121\03.TEKLA MODEL\11-71-76-1799_PS GAS LIFT WELL\01-12-2021131818\02.PDF\[11-71-260-CPS-0.22]_PIPE_SUPPORT.pdf, openFileWhenFinished:false, multiSheet:false, printActive:true
01-12-2021 13:20:20:Main2:DllDirectory = 'C:\TeklaStructures\2020.0\\nt\bin\'
01-12-2021 13:20:20:Main2:Path = 'C:\windows\system32;C:\windows;C:\windows\System32\Wbem;C:\windows\System32\WindowsPowerShell\v1.0\;C:\windows\System32\OpenSSH\;C:\Program Files (x86)\NVIDIA Corporation\PhysX\Common;C:\Program Files\NVIDIA Corporation\NVIDIA NvDLISR;C:\Program Files\dotnet\;C:\Program Files\Microsoft SQL Server\130\Tools\Binn\;C:\Program Files\Microsoft SQL Server\Client SDK\ODBC\170\Tools\Binn\;C:\Users\Vijayakumar\AppData\Local\Microsoft\WindowsApps;C:\Users\Vijayakumar\.dotnet\tools'
01-12-2021 13:20:20:Main2:Is64BitOS = True
01-12-2021 13:20:20:Main2:Is64BitProcess = True
01-12-2021 13:20:20:MoveNext:Loading data from: C:\TeklaStructures\2020.0\\environments\common\system\PaperSizesForDrawings.dat
01-12-2021 13:20:20:MoveNext:Loading data from: C:\TeklaStructures\2020.0\\environments\common\system\DrawingSizes.dat
01-12-2021 13:20:20:MoveNext:Loading data from: C:\TeklaStructures\2020.0\\environments\common\system\PaperSizesForDrawings.dat
01-12-2021 13:20:20:Main2:DPMPrinter ended -------------------------------------------------
01-12-2021 13:20:21:Main2:DPMPrinter started ------------------------------------------------- C:\TeklaStructures\2020.0\nt\bin\applications\Tekla\Model\DPMPrinter\DPMPrinterCommand.exe
01-12-2021 13:20:21:Main2:Args: printer:pdf, paper:A4, scalingMethod:Auto, orientation:Landscape, copies:1, colormode:BlackAndWhite, out:D:\Vijayakumar\01_Tekla_API\SK-001-Package\01-Input\01-Rajesh\1799\11-71-76-1799_IFF_241121\03.TEKLA MODEL\11-71-76-1799_PS GAS LIFT WELL\01-12-2021131818\02.PDF\[11-71-260-CPS-0.36]_PIPE SUPPORT.pdf, openFileWhenFinished:false, multiSheet:false, printActive:true
01-12-2021 13:20:21:Main2:DllDirectory = 'C:\TeklaStructures\2020.0\\nt\bin\'
01-12-2021 13:20:21:Main2:Path = 'C:\windows\system32;C:\windows;C:\windows\System32\Wbem;C:\windows\System32\WindowsPowerShell\v1.0\;C:\windows\System32\OpenSSH\;C:\Program Files (x86)\NVIDIA Corporation\PhysX\Common;C:\Program Files\NVIDIA Corporation\NVIDIA NvDLISR;C:\Program Files\dotnet\;C:\Program Files\Microsoft SQL Server\130\Tools\Binn\;C:\Program Files\Microsoft SQL Server\Client SDK\ODBC\170\Tools\Binn\;C:\Users\Vijayakumar\AppData\Local\Microsoft\WindowsApps;C:\Users\Vijayakumar\.dotnet\tools'
01-12-2021 13:20:21:Main2:Is64BitOS = True
01-12-2021 13:20:21:Main2:Is64BitProcess = True
01-12-2021 13:20:21:MoveNext:Loading data from: C:\TeklaStructures\2020.0\\environments\common\system\PaperSizesForDrawings.dat
01-12-2021 13:20:21:MoveNext:Loading data from: C:\TeklaStructures\2020.0\\environments\common\system\DrawingSizes.dat
01-12-2021 13:20:21:MoveNext:Loading data from: C:\TeklaStructures\2020.0\\environments\common\system\PaperSizesForDrawings.dat
01-12-2021 13:20:22:Main2:DPMPrinter ended -------------------------------------------------
01-12-2021 13:20:22:Main2:DPMPrinter started ------------------------------------------------- C:\TeklaStructures\2020.0\nt\bin\applications\Tekla\Model\DPMPrinter\DPMPrinterCommand.exe
01-12-2021 13:20:22:Main2:Args: printer:pdf, paper:A4, scalingMethod:Auto, orientation:Landscape, copies:1, colormode:BlackAndWhite, out:D:\Vijayakumar\01_Tekla_API\SK-001-Package\01-Input\01-Rajesh\1799\11-71-76-1799_IFF_241121\03.TEKLA MODEL\11-71-76-1799_PS GAS LIFT WELL\01-12-2021131818\02.PDF\[11-71-260-CPS-0.35]_PIPE SUPPORT.pdf, openFileWhenFinished:false, multiSheet:false, printActive:true
01-12-2021 13:20:22:Main2:DllDirectory = 'C:\TeklaStructures\2020.0\\nt\bin\'
01-12-2021 13:20:22:Main2:Path = 'C:\windows\system32;C:\windows;C:\windows\System32\Wbem;C:\windows\System32\WindowsPowerShell\v1.0\;C:\windows\System32\OpenSSH\;C:\Program Files (x86)\NVIDIA Corporation\PhysX\Common;C:\Program Files\NVIDIA Corporation\NVIDIA NvDLISR;C:\Program Files\dotnet\;C:\Program Files\Microsoft SQL Server\130\Tools\Binn\;C:\Program Files\Microsoft SQL Server\Client SDK\ODBC\170\Tools\Binn\;C:\Users\Vijayakumar\AppData\Local\Microsoft\WindowsApps;C:\Users\Vijayakumar\.dotnet\tools'
01-12-2021 13:20:22:Main2:Is64BitOS = True
01-12-2021 13:20:22:Main2:Is64BitProcess = True
01-12-2021 13:20:23:MoveNext:Loading data from: C:\TeklaStructures\2020.0\\environments\common\system\PaperSizesForDrawings.dat
01-12-2021 13:20:23:MoveNext:Loading data from: C:\TeklaStructures\2020.0\\environments\common\system\DrawingSizes.dat
01-12-2021 13:20:23:MoveNext:Loading data from: C:\TeklaStructures\2020.0\\environments\common\system\PaperSizesForDrawings.dat
01-12-2021 13:20:23:Main2:DPMPrinter ended -------------------------------------------------
01-12-2021 13:20:24:Main2:DPMPrinter started ------------------------------------------------- C:\TeklaStructures\2020.0\nt\bin\applications\Tekla\Model\DPMPrinter\DPMPrinterCommand.exe
01-12-2021 13:20:24:Main2:Args: printer:pdf, paper:A4, scalingMethod:Auto, orientation:Landscape, copies:1, colormode:BlackAndWhite, out:D:\Vijayakumar\01_Tekla_API\SK-001-Package\01-Input\01-Rajesh\1799\11-71-76-1799_IFF_241121\03.TEKLA MODEL\11-71-76-1799_PS GAS LIFT WELL\01-12-2021131818\02.PDF\[11-71-260-CPS-0.34]_PIPE SUPPORT.pdf, openFileWhenFinished:false, multiSheet:false, printActive:true
01-12-2021 13:20:24:Main2:DllDirectory = 'C:\TeklaStructures\2020.0\\nt\bin\'
01-12-2021 13:20:24:Main2:Path = 'C:\windows\system32;C:\windows;C:\windows\System32\Wbem;C:\windows\System32\WindowsPowerShell\v1.0\;C:\windows\System32\OpenSSH\;C:\Program Files (x86)\NVIDIA Corporation\PhysX\Common;C:\Program Files\NVIDIA Corporation\NVIDIA NvDLISR;C:\Program Files\dotnet\;C:\Program Files\Microsoft SQL Server\130\Tools\Binn\;C:\Program Files\Microsoft SQL Server\Client SDK\ODBC\170\Tools\Binn\;C:\Users\Vijayakumar\AppData\Local\Microsoft\WindowsApps;C:\Users\Vijayakumar\.dotnet\tools'
01-12-2021 13:20:24:Main2:Is64BitOS = True
01-12-2021 13:20:24:Main2:Is64BitProcess = True
01-12-2021 13:20:24:MoveNext:Loading data from: C:\TeklaStructures\2020.0\\environments\common\system\PaperSizesForDrawings.dat
01-12-2021 13:20:24:MoveNext:Loading data from: C:\TeklaStructures\2020.0\\environments\common\system\DrawingSizes.dat
01-12-2021 13:20:24:MoveNext:Loading data from: C:\TeklaStructures\2020.0\\environments\common\system\PaperSizesForDrawings.dat
01-12-2021 13:20:25:Main2:DPMPrinter ended -------------------------------------------------
01-12-2021 13:20:25:Main2:DPMPrinter started ------------------------------------------------- C:\TeklaStructures\2020.0\nt\bin\applications\Tekla\Model\DPMPrinter\DPMPrinterCommand.exe
01-12-2021 13:20:25:Main2:Args: printer:pdf, paper:A4, scalingMethod:Auto, orientation:Landscape, copies:1, colormode:BlackAndWhite, out:D:\Vijayakumar\01_Tekla_API\SK-001-Package\01-Input\01-Rajesh\1799\11-71-76-1799_IFF_241121\03.TEKLA MODEL\11-71-76-1799_PS GAS LIFT WELL\01-12-2021131818\02.PDF\[11-71-260-CPS-0.33]_PIPE SUPPORT.pdf, openFileWhenFinished:false, multiSheet:false, printActive:true
01-12-2021 13:20:25:Main2:DllDirectory = 'C:\TeklaStructures\2020.0\\nt\bin\'
01-12-2021 13:20:25:Main2:Path = 'C:\windows\system32;C:\windows;C:\windows\System32\Wbem;C:\windows\System32\WindowsPowerShell\v1.0\;C:\windows\System32\OpenSSH\;C:\Program Files (x86)\NVIDIA Corporation\PhysX\Common;C:\Program Files\NVIDIA Corporation\NVIDIA NvDLISR;C:\Program Files\dotnet\;C:\Program Files\Microsoft SQL Server\130\Tools\Binn\;C:\Program Files\Microsoft SQL Server\Client SDK\ODBC\170\Tools\Binn\;C:\Users\Vijayakumar\AppData\Local\Microsoft\WindowsApps;C:\Users\Vijayakumar\.dotnet\tools'
01-12-2021 13:20:25:Main2:Is64BitOS = True
01-12-2021 13:20:25:Main2:Is64BitProcess = True
01-12-2021 13:20:26:MoveNext:Loading data from: C:\TeklaStructures\2020.0\\environments\common\system\PaperSizesForDrawings.dat
01-12-2021 13:20:26:MoveNext:Loading data from: C:\TeklaStructures\2020.0\\environments\common\system\DrawingSizes.dat
01-12-2021 13:20:26:MoveNext:Loading data from: C:\TeklaStructures\2020.0\\environments\common\system\PaperSizesForDrawings.dat
01-12-2021 13:20:26:Main2:DPMPrinter ended -------------------------------------------------
01-12-2021 13:20:27:Main2:DPMPrinter started ------------------------------------------------- C:\TeklaStructures\2020.0\nt\bin\applications\Tekla\Model\DPMPrinter\DPMPrinterCommand.exe
01-12-2021 13:20:27:Main2:Args: printer:pdf, paper:A4, scalingMethod:Auto, orientation:Landscape, copies:1, colormode:BlackAndWhite, out:D:\Vijayakumar\01_Tekla_API\SK-001-Package\01-Input\01-Rajesh\1799\11-71-76-1799_IFF_241121\03.TEKLA MODEL\11-71-76-1799_PS GAS LIFT WELL\01-12-2021131818\02.PDF\[11-71-260-CPS-0.24]_PIPE SUPPORT.pdf, openFileWhenFinished:false, multiSheet:false, printActive:true
01-12-2021 13:20:27:Main2:DllDirectory = 'C:\TeklaStructures\2020.0\\nt\bin\'
01-12-2021 13:20:27:Main2:Path = 'C:\windows\system32;C:\windows;C:\windows\System32\Wbem;C:\windows\System32\WindowsPowerShell\v1.0\;C:\windows\System32\OpenSSH\;C:\Program Files (x86)\NVIDIA Corporation\PhysX\Common;C:\Program Files\NVIDIA Corporation\NVIDIA NvDLISR;C:\Program Files\dotnet\;C:\Program Files\Microsoft SQL Server\130\Tools\Binn\;C:\Program Files\Microsoft SQL Server\Client SDK\ODBC\170\Tools\Binn\;C:\Users\Vijayakumar\AppData\Local\Microsoft\WindowsApps;C:\Users\Vijayakumar\.dotnet\tools'
01-12-2021 13:20:27:Main2:Is64BitOS = True
01-12-2021 13:20:27:Main2:Is64BitProcess = True
01-12-2021 13:20:28:MoveNext:Loading data from: C:\TeklaStructures\2020.0\\environments\common\system\PaperSizesForDrawings.dat
01-12-2021 13:20:28:MoveNext:Loading data from: C:\TeklaStructures\2020.0\\environments\common\system\DrawingSizes.dat
01-12-2021 13:20:28:MoveNext:Loading data from: C:\TeklaStructures\2020.0\\environments\common\system\PaperSizesForDrawings.dat
01-12-2021 13:20:28:Main2:DPMPrinter ended -------------------------------------------------
01-12-2021 13:20:29:Main2:DPMPrinter started ------------------------------------------------- C:\TeklaStructures\2020.0\nt\bin\applications\Tekla\Model\DPMPrinter\DPMPrinterCommand.exe
01-12-2021 13:20:29:Main2:Args: printer:pdf, paper:A4, scalingMethod:Auto, orientation:Landscape, copies:1, colormode:BlackAndWhite, out:D:\Vijayakumar\01_Tekla_API\SK-001-Package\01-Input\01-Rajesh\1799\11-71-76-1799_IFF_241121\03.TEKLA MODEL\11-71-76-1799_PS GAS LIFT WELL\01-12-2021131818\02.PDF\[11-71-260-CPS-0.23]_PIPE SUPPORT.pdf, openFileWhenFinished:false, multiSheet:false, printActive:true
01-12-2021 13:20:29:Main2:DllDirectory = 'C:\TeklaStructures\2020.0\\nt\bin\'
01-12-2021 13:20:29:Main2:Path = 'C:\windows\system32;C:\windows;C:\windows\System32\Wbem;C:\windows\System32\WindowsPowerShell\v1.0\;C:\windows\System32\OpenSSH\;C:\Program Files (x86)\NVIDIA Corporation\PhysX\Common;C:\Program Files\NVIDIA Corporation\NVIDIA NvDLISR;C:\Program Files\dotnet\;C:\Program Files\Microsoft SQL Server\130\Tools\Binn\;C:\Program Files\Microsoft SQL Server\Client SDK\ODBC\170\Tools\Binn\;C:\Users\Vijayakumar\AppData\Local\Microsoft\WindowsApps;C:\Users\Vijayakumar\.dotnet\tools'
01-12-2021 13:20:29:Main2:Is64BitOS = True
01-12-2021 13:20:29:Main2:Is64BitProcess = True
01-12-2021 13:20:29:MoveNext:Loading data from: C:\TeklaStructures\2020.0\\environments\common\system\PaperSizesForDrawings.dat
01-12-2021 13:20:29:MoveNext:Loading data from: C:\TeklaStructures\2020.0\\environments\common\system\DrawingSizes.dat
01-12-2021 13:20:29:MoveNext:Loading data from: C:\TeklaStructures\2020.0\\environments\common\system\PaperSizesForDrawings.dat
01-12-2021 13:20:30:Main2:DPMPrinter ended -------------------------------------------------
01-12-2021 13:20:31:Main2:DPMPrinter started ------------------------------------------------- C:\TeklaStructures\2020.0\nt\bin\applications\Tekla\Model\DPMPrinter\DPMPrinterCommand.exe
01-12-2021 13:20:31:Main2:Args: printer:pdf, paper:A4, scalingMethod:Auto, orientation:Landscape, copies:1, colormode:BlackAndWhite, out:D:\Vijayakumar\01_Tekla_API\SK-001-Package\01-Input\01-Rajesh\1799\11-71-76-1799_IFF_241121\03.TEKLA MODEL\11-71-76-1799_PS GAS LIFT WELL\01-12-2021131818\02.PDF\[11-71-260-CPS-00.7]_PIPE_SUPPORT.pdf, openFileWhenFinished:false, multiSheet:false, printActive:true
01-12-2021 13:20:31:Main2:DllDirectory = 'C:\TeklaStructures\2020.0\\nt\bin\'
01-12-2021 13:20:31:Main2:Path = 'C:\windows\system32;C:\windows;C:\windows\System32\Wbem;C:\windows\System32\WindowsPowerShell\v1.0\;C:\windows\System32\OpenSSH\;C:\Program Files (x86)\NVIDIA Corporation\PhysX\Common;C:\Program Files\NVIDIA Corporation\NVIDIA NvDLISR;C:\Program Files\dotnet\;C:\Program Files\Microsoft SQL Server\130\Tools\Binn\;C:\Program Files\Microsoft SQL Server\Client SDK\ODBC\170\Tools\Binn\;C:\Users\Vijayakumar\AppData\Local\Microsoft\WindowsApps;C:\Users\Vijayakumar\.dotnet\tools'
01-12-2021 13:20:31:Main2:Is64BitOS = True
01-12-2021 13:20:31:Main2:Is64BitProcess = True
01-12-2021 13:20:31:MoveNext:Loading data from: C:\TeklaStructures\2020.0\\environments\common\system\PaperSizesForDrawings.dat
01-12-2021 13:20:31:MoveNext:Loading data from: C:\TeklaStructures\2020.0\\environments\common\system\DrawingSizes.dat
01-12-2021 13:20:31:MoveNext:Loading data from: C:\TeklaStructures\2020.0\\environments\common\system\PaperSizesForDrawings.dat
01-12-2021 13:20:31:Main2:DPMPrinter ended -------------------------------------------------
01-12-2021 13:20:32:Main2:DPMPrinter started ------------------------------------------------- C:\TeklaStructures\2020.0\nt\bin\applications\Tekla\Model\DPMPrinter\DPMPrinterCommand.exe
01-12-2021 13:20:32:Main2:Args: printer:pdf, paper:A4, scalingMethod:Auto, orientation:Landscape, copies:1, colormode:BlackAndWhite, out:D:\Vijayakumar\01_Tekla_API\SK-001-Package\01-Input\01-Rajesh\1799\11-71-76-1799_IFF_241121\03.TEKLA MODEL\11-71-76-1799_PS GAS LIFT WELL\01-12-2021131818\02.PDF\[11-71-260-CPS-00.6]_PIPE_SUPPORT.pdf, openFileWhenFinished:false, multiSheet:false, printActive:true
01-12-2021 13:20:32:Main2:DllDirectory = 'C:\TeklaStructures\2020.0\\nt\bin\'
01-12-2021 13:20:32:Main2:Path = 'C:\windows\system32;C:\windows;C:\windows\System32\Wbem;C:\windows\System32\WindowsPowerShell\v1.0\;C:\windows\System32\OpenSSH\;C:\Program Files (x86)\NVIDIA Corporation\PhysX\Common;C:\Program Files\NVIDIA Corporation\NVIDIA NvDLISR;C:\Program Files\dotnet\;C:\Program Files\Microsoft SQL Server\130\Tools\Binn\;C:\Program Files\Microsoft SQL Server\Client SDK\ODBC\170\Tools\Binn\;C:\Users\Vijayakumar\AppData\Local\Microsoft\WindowsApps;C:\Users\Vijayakumar\.dotnet\tools'
01-12-2021 13:20:32:Main2:Is64BitOS = True
01-12-2021 13:20:32:Main2:Is64BitProcess = True
01-12-2021 13:20:32:MoveNext:Loading data from: C:\TeklaStructures\2020.0\\environments\common\system\PaperSizesForDrawings.dat
01-12-2021 13:20:32:MoveNext:Loading data from: C:\TeklaStructures\2020.0\\environments\common\system\DrawingSizes.dat
01-12-2021 13:20:32:MoveNext:Loading data from: C:\TeklaStructures\2020.0\\environments\common\system\PaperSizesForDrawings.dat
01-12-2021 13:20:33:Main2:DPMPrinter ended -------------------------------------------------
01-12-2021 13:20:34:Main2:DPMPrinter started ------------------------------------------------- C:\TeklaStructures\2020.0\nt\bin\applications\Tekla\Model\DPMPrinter\DPMPrinterCommand.exe
01-12-2021 13:20:34:Main2:Args: printer:pdf, paper:A4, scalingMethod:Auto, orientation:Landscape, copies:1, colormode:BlackAndWhite, out:D:\Vijayakumar\01_Tekla_API\SK-001-Package\01-Input\01-Rajesh\1799\11-71-76-1799_IFF_241121\03.TEKLA MODEL\11-71-76-1799_PS GAS LIFT WELL\01-12-2021131818\02.PDF\[11-71-260-CPS-00.5]_PIPE SUPPORT.pdf, openFileWhenFinished:false, multiSheet:false, printActive:true
01-12-2021 13:20:34:Main2:DllDirectory = 'C:\TeklaStructures\2020.0\\nt\bin\'
01-12-2021 13:20:34:Main2:Path = 'C:\windows\system32;C:\windows;C:\windows\System32\Wbem;C:\windows\System32\WindowsPowerShell\v1.0\;C:\windows\System32\OpenSSH\;C:\Program Files (x86)\NVIDIA Corporation\PhysX\Common;C:\Program Files\NVIDIA Corporation\NVIDIA NvDLISR;C:\Program Files\dotnet\;C:\Program Files\Microsoft SQL Server\130\Tools\Binn\;C:\Program Files\Microsoft SQL Server\Client SDK\ODBC\170\Tools\Binn\;C:\Users\Vijayakumar\AppData\Local\Microsoft\WindowsApps;C:\Users\Vijayakumar\.dotnet\tools'
01-12-2021 13:20:34:Main2:Is64BitOS = True
01-12-2021 13:20:34:Main2:Is64BitProcess = True
01-12-2021 13:20:34:MoveNext:Loading data from: C:\TeklaStructures\2020.0\\environments\common\system\PaperSizesForDrawings.dat
01-12-2021 13:20:34:MoveNext:Loading data from: C:\TeklaStructures\2020.0\\environments\common\system\DrawingSizes.dat
01-12-2021 13:20:34:MoveNext:Loading data from: C:\TeklaStructures\2020.0\\environments\common\system\PaperSizesForDrawings.dat
01-12-2021 13:20:34:Main2:DPMPrinter ended -------------------------------------------------
01-12-2021 13:20:35:Main2:DPMPrinter started ------------------------------------------------- C:\TeklaStructures\2020.0\nt\bin\applications\Tekla\Model\DPMPrinter\DPMPrinterCommand.exe
01-12-2021 13:20:35:Main2:Args: printer:pdf, paper:A4, scalingMethod:Auto, orientation:Landscape, copies:1, colormode:BlackAndWhite, out:D:\Vijayakumar\01_Tekla_API\SK-001-Package\01-Input\01-Rajesh\1799\11-71-76-1799_IFF_241121\03.TEKLA MODEL\11-71-76-1799_PS GAS LIFT WELL\01-12-2021131818\02.PDF\[11-71-260-CPS-0.19]_PIPE SUPPORT.pdf, openFileWhenFinished:false, multiSheet:false, printActive:true
01-12-2021 13:20:35:Main2:DllDirectory = 'C:\TeklaStructures\2020.0\\nt\bin\'
01-12-2021 13:20:35:Main2:Path = 'C:\windows\system32;C:\windows;C:\windows\System32\Wbem;C:\windows\System32\WindowsPowerShell\v1.0\;C:\windows\System32\OpenSSH\;C:\Program Files (x86)\NVIDIA Corporation\PhysX\Common;C:\Program Files\NVIDIA Corporation\NVIDIA NvDLISR;C:\Program Files\dotnet\;C:\Program Files\Microsoft SQL Server\130\Tools\Binn\;C:\Program Files\Microsoft SQL Server\Client SDK\ODBC\170\Tools\Binn\;C:\Users\Vijayakumar\AppData\Local\Microsoft\WindowsApps;C:\Users\Vijayakumar\.dotnet\tools'
01-12-2021 13:20:35:Main2:Is64BitOS = True
01-12-2021 13:20:35:Main2:Is64BitProcess = True
01-12-2021 13:20:35:MoveNext:Loading data from: C:\TeklaStructures\2020.0\\environments\common\system\PaperSizesForDrawings.dat
01-12-2021 13:20:35:MoveNext:Loading data from: C:\TeklaStructures\2020.0\\environments\common\system\DrawingSizes.dat
01-12-2021 13:20:35:MoveNext:Loading data from: C:\TeklaStructures\2020.0\\environments\common\system\PaperSizesForDrawings.dat
01-12-2021 13:20:36:Main2:DPMPrinter ended -------------------------------------------------
